{"C:\\Users\\caugh\\Pictures\\Assignments\\CAPSTONE\\CS46X-UniFreelancer\\server\\server.js":{"path":"C:\\Users\\caugh\\Pictures\\Assignments\\CAPSTONE\\CS46X-UniFreelancer\\server\\server.js","statementMap":{"0":{"start":{"line":1,"column":0},"end":{"line":1,"column":27}},"1":{"start":{"line":3,"column":16},"end":{"line":3,"column":34}},"2":{"start":{"line":4,"column":13},"end":{"line":4,"column":28}},"3":{"start":{"line":5,"column":13},"end":{"line":5,"column":28}},"4":{"start":{"line":6,"column":21},"end":{"line":6,"column":45}},"5":{"start":{"line":7,"column":18},"end":{"line":7,"column":40}},"6":{"start":{"line":9,"column":12},"end":{"line":9,"column":21}},"7":{"start":{"line":10,"column":13},"end":{"line":10,"column":37}},"8":{"start":{"line":15,"column":0},"end":{"line":19,"column":1}},"9":{"start":{"line":16,"column":2},"end":{"line":18,"column":4}},"10":{"start":{"line":17,"column":4},"end":{"line":17,"column":51}},"11":{"start":{"line":24,"column":22},"end":{"line":24,"column":55}},"12":{"start":{"line":26,"column":0},"end":{"line":30,"column":2}},"13":{"start":{"line":36,"column":0},"end":{"line":41,"column":1}},"14":{"start":{"line":37,"column":2},"end":{"line":40,"column":6}},"15":{"start":{"line":43,"column":0},"end":{"line":43,"column":24}},"16":{"start":{"line":44,"column":0},"end":{"line":44,"column":24}},"17":{"start":{"line":46,"column":0},"end":{"line":50,"column":3}},"18":{"start":{"line":47,"column":2},"end":{"line":47,"column":61}},"19":{"start":{"line":49,"column":2},"end":{"line":49,"column":9}},"20":{"start":{"line":55,"column":22},"end":{"line":55,"column":49}},"21":{"start":{"line":56,"column":22},"end":{"line":56,"column":49}},"22":{"start":{"line":57,"column":24},"end":{"line":57,"column":53}},"23":{"start":{"line":58,"column":23},"end":{"line":58,"column":51}},"24":{"start":{"line":59,"column":23},"end":{"line":59,"column":51}},"25":{"start":{"line":60,"column":19},"end":{"line":60,"column":44}},"26":{"start":{"line":61,"column":22},"end":{"line":61,"column":50}},"27":{"start":{"line":62,"column":29},"end":{"line":62,"column":63}},"28":{"start":{"line":63,"column":21},"end":{"line":63,"column":47}},"29":{"start":{"line":64,"column":25},"end":{"line":64,"column":55}},"30":{"start":{"line":65,"column":23},"end":{"line":65,"column":57}},"31":{"start":{"line":67,"column":0},"end":{"line":67,"column":39}},"32":{"start":{"line":68,"column":0},"end":{"line":68,"column":47}},"33":{"start":{"line":69,"column":0},"end":{"line":69,"column":51}},"34":{"start":{"line":70,"column":0},"end":{"line":70,"column":49}},"35":{"start":{"line":71,"column":0},"end":{"line":71,"column":49}},"36":{"start":{"line":72,"column":0},"end":{"line":72,"column":34}},"37":{"start":{"line":73,"column":0},"end":{"line":73,"column":40}},"38":{"start":{"line":74,"column":0},"end":{"line":74,"column":46}},"39":{"start":{"line":75,"column":0},"end":{"line":75,"column":37}},"40":{"start":{"line":76,"column":0},"end":{"line":76,"column":45}},"41":{"start":{"line":77,"column":0},"end":{"line":77,"column":41}},"42":{"start":{"line":82,"column":0},"end":{"line":87,"column":3}},"43":{"start":{"line":83,"column":2},"end":{"line":86,"column":5}},"44":{"start":{"line":92,"column":0},"end":{"line":104,"column":1}},"45":{"start":{"line":93,"column":2},"end":{"line":93,"column":64}},"46":{"start":{"line":96,"column":2},"end":{"line":103,"column":5}},"47":{"start":{"line":98,"column":4},"end":{"line":100,"column":5}},"48":{"start":{"line":99,"column":6},"end":{"line":99,"column":20}},"49":{"start":{"line":102,"column":4},"end":{"line":102,"column":69}},"50":{"start":{"line":111,"column":0},"end":{"line":116,"column":1}},"51":{"start":{"line":112,"column":2},"end":{"line":115,"column":5}},"52":{"start":{"line":113,"column":4},"end":{"line":113,"column":50}},"53":{"start":{"line":114,"column":4},"end":{"line":114,"column":73}},"54":{"start":{"line":118,"column":0},"end":{"line":118,"column":33}}},"fnMap":{"0":{"name":"(anonymous_0)","decl":{"start":{"line":16,"column":20},"end":{"line":16,"column":21}},"loc":{"start":{"line":17,"column":4},"end":{"line":17,"column":51}},"line":17},"1":{"name":"(anonymous_1)","decl":{"start":{"line":46,"column":8},"end":{"line":46,"column":9}},"loc":{"start":{"line":46,"column":28},"end":{"line":50,"column":1}},"line":46},"2":{"name":"(anonymous_2)","decl":{"start":{"line":82,"column":23},"end":{"line":82,"column":24}},"loc":{"start":{"line":82,"column":37},"end":{"line":87,"column":1}},"line":82},"3":{"name":"(anonymous_3)","decl":{"start":{"line":96,"column":10},"end":{"line":96,"column":11}},"loc":{"start":{"line":96,"column":30},"end":{"line":103,"column":3}},"line":96},"4":{"name":"(anonymous_4)","decl":{"start":{"line":112,"column":28},"end":{"line":112,"column":29}},"loc":{"start":{"line":112,"column":34},"end":{"line":115,"column":3}},"line":112}},"branchMap":{"0":{"loc":{"start":{"line":10,"column":13},"end":{"line":10,"column":37}},"type":"binary-expr","locations":[{"start":{"line":10,"column":13},"end":{"line":10,"column":29}},{"start":{"line":10,"column":33},"end":{"line":10,"column":37}}],"line":10},"1":{"loc":{"start":{"line":15,"column":0},"end":{"line":19,"column":1}},"type":"if","locations":[{"start":{"line":15,"column":0},"end":{"line":19,"column":1}},{"start":{},"end":{}}],"line":15},"2":{"loc":{"start":{"line":36,"column":0},"end":{"line":41,"column":1}},"type":"if","locations":[{"start":{"line":36,"column":0},"end":{"line":41,"column":1}},{"start":{},"end":{}}],"line":36},"3":{"loc":{"start":{"line":92,"column":0},"end":{"line":104,"column":1}},"type":"if","locations":[{"start":{"line":92,"column":0},"end":{"line":104,"column":1}},{"start":{},"end":{}}],"line":92},"4":{"loc":{"start":{"line":98,"column":4},"end":{"line":100,"column":5}},"type":"if","locations":[{"start":{"line":98,"column":4},"end":{"line":100,"column":5}},{"start":{},"end":{}}],"line":98},"5":{"loc":{"start":{"line":111,"column":0},"end":{"line":116,"column":1}},"type":"if","locations":[{"start":{"line":111,"column":0},"end":{"line":116,"column":1}},{"start":{},"end":{}}],"line":111},"6":{"loc":{"start":{"line":114,"column":32},"end":{"line":114,"column":69}},"type":"binary-expr","locations":[{"start":{"line":114,"column":32},"end":{"line":114,"column":52}},{"start":{"line":114,"column":56},"end":{"line":114,"column":69}}],"line":114}},"s":{"0":1,"1":1,"2":1,"3":1,"4":1,"5":1,"6":1,"7":1,"8":1,"9":1,"10":0,"11":1,"12":1,"13":1,"14":1,"15":1,"16":1,"17":1,"18":0,"19":0,"20":1,"21":1,"22":1,"23":1,"24":1,"25":1,"26":1,"27":1,"28":1,"29":1,"30":1,"31":1,"32":1,"33":1,"34":1,"35":1,"36":1,"37":1,"38":1,"39":1,"40":1,"41":1,"42":1,"43":0,"44":1,"45":0,"46":0,"47":0,"48":0,"49":0,"50":1,"51":1,"52":0,"53":0,"54":1},"f":{"0":0,"1":0,"2":0,"3":0,"4":0},"b":{"0":[1,0],"1":[1,0],"2":[1,0],"3":[0,1],"4":[0,0],"5":[1,0],"6":[0,0]},"_coverageSchema":"1a1c01bbd47fc00a2c39e90264f33305004495a9","hash":"98ecdf4d6705b1b0622963a30db8007b2cecf8ce","contentHash":"3bd182c292216e0a806e5a535c3e0ae0acf6b6fee3b10634cc90635083c1c46f"},"C:\\Users\\caugh\\Pictures\\Assignments\\CAPSTONE\\CS46X-UniFreelancer\\server\\config\\db.js":{"path":"C:\\Users\\caugh\\Pictures\\Assignments\\CAPSTONE\\CS46X-UniFreelancer\\server\\config\\db.js","statementMap":{"0":{"start":{"line":2,"column":17},"end":{"line":2,"column":36}},"1":{"start":{"line":4,"column":18},"end":{"line":78,"column":1}},"2":{"start":{"line":5,"column":14},"end":{"line":5,"column":50}},"3":{"start":{"line":9,"column":2},"end":{"line":14,"column":3}},"4":{"start":{"line":10,"column":4},"end":{"line":12,"column":5}},"5":{"start":{"line":11,"column":6},"end":{"line":11,"column":13}},"6":{"start":{"line":13,"column":4},"end":{"line":13,"column":62}},"7":{"start":{"line":16,"column":16},"end":{"line":16,"column":17}},"8":{"start":{"line":17,"column":16},"end":{"line":17,"column":20}},"9":{"start":{"line":19,"column":2},"end":{"line":77,"column":3}},"10":{"start":{"line":20,"column":4},"end":{"line":76,"column":5}},"11":{"start":{"line":21,"column":22},"end":{"line":25,"column":7}},"12":{"start":{"line":28,"column":6},"end":{"line":30,"column":7}},"13":{"start":{"line":29,"column":8},"end":{"line":29,"column":51}},"14":{"start":{"line":32,"column":6},"end":{"line":32,"column":43}},"15":{"start":{"line":34,"column":6},"end":{"line":34,"column":41}},"16":{"start":{"line":35,"column":19},"end":{"line":35,"column":38}},"17":{"start":{"line":38,"column":6},"end":{"line":38,"column":39}},"18":{"start":{"line":39,"column":6},"end":{"line":39,"column":46}},"19":{"start":{"line":41,"column":6},"end":{"line":43,"column":9}},"20":{"start":{"line":42,"column":8},"end":{"line":42,"column":66}},"21":{"start":{"line":45,"column":6},"end":{"line":47,"column":9}},"22":{"start":{"line":46,"column":8},"end":{"line":46,"column":47}},"23":{"start":{"line":50,"column":6},"end":{"line":63,"column":7}},"24":{"start":{"line":51,"column":33},"end":{"line":55,"column":9}},"25":{"start":{"line":52,"column":10},"end":{"line":52,"column":77}},"26":{"start":{"line":53,"column":10},"end":{"line":53,"column":29}},"27":{"start":{"line":54,"column":10},"end":{"line":54,"column":26}},"28":{"start":{"line":58,"column":8},"end":{"line":62,"column":9}},"29":{"start":{"line":59,"column":10},"end":{"line":59,"column":65}},"30":{"start":{"line":59,"column":37},"end":{"line":59,"column":63}},"31":{"start":{"line":60,"column":10},"end":{"line":60,"column":67}},"32":{"start":{"line":60,"column":38},"end":{"line":60,"column":65}},"33":{"start":{"line":61,"column":10},"end":{"line":61,"column":58}},"34":{"start":{"line":65,"column":6},"end":{"line":65,"column":13}},"35":{"start":{"line":67,"column":6},"end":{"line":67,"column":64}},"36":{"start":{"line":68,"column":6},"end":{"line":68,"column":19}},"37":{"start":{"line":69,"column":6},"end":{"line":69,"column":46}},"38":{"start":{"line":71,"column":6},"end":{"line":73,"column":7}},"39":{"start":{"line":72,"column":8},"end":{"line":72,"column":18}},"40":{"start":{"line":75,"column":6},"end":{"line":75,"column":57}},"41":{"start":{"line":75,"column":33},"end":{"line":75,"column":55}},"42":{"start":{"line":80,"column":0},"end":{"line":80,"column":27}}},"fnMap":{"0":{"name":"(anonymous_0)","decl":{"start":{"line":4,"column":18},"end":{"line":4,"column":19}},"loc":{"start":{"line":4,"column":41},"end":{"line":78,"column":1}},"line":4},"1":{"name":"(anonymous_1)","decl":{"start":{"line":41,"column":23},"end":{"line":41,"column":24}},"loc":{"start":{"line":41,"column":32},"end":{"line":43,"column":7}},"line":41},"2":{"name":"(anonymous_2)","decl":{"start":{"line":45,"column":30},"end":{"line":45,"column":31}},"loc":{"start":{"line":45,"column":36},"end":{"line":47,"column":7}},"line":45},"3":{"name":"(anonymous_3)","decl":{"start":{"line":51,"column":33},"end":{"line":51,"column":34}},"loc":{"start":{"line":51,"column":51},"end":{"line":55,"column":9}},"line":51},"4":{"name":"(anonymous_4)","decl":{"start":{"line":59,"column":31},"end":{"line":59,"column":32}},"loc":{"start":{"line":59,"column":37},"end":{"line":59,"column":63}},"line":59},"5":{"name":"(anonymous_5)","decl":{"start":{"line":60,"column":32},"end":{"line":60,"column":33}},"loc":{"start":{"line":60,"column":38},"end":{"line":60,"column":65}},"line":60},"6":{"name":"(anonymous_6)","decl":{"start":{"line":75,"column":24},"end":{"line":75,"column":25}},"loc":{"start":{"line":75,"column":33},"end":{"line":75,"column":55}},"line":75}},"branchMap":{"0":{"loc":{"start":{"line":5,"column":14},"end":{"line":5,"column":50}},"type":"binary-expr","locations":[{"start":{"line":5,"column":14},"end":{"line":5,"column":25}},{"start":{"line":5,"column":29},"end":{"line":5,"column":50}}],"line":5},"1":{"loc":{"start":{"line":9,"column":2},"end":{"line":14,"column":3}},"type":"if","locations":[{"start":{"line":9,"column":2},"end":{"line":14,"column":3}},{"start":{},"end":{}}],"line":9},"2":{"loc":{"start":{"line":10,"column":4},"end":{"line":12,"column":5}},"type":"if","locations":[{"start":{"line":10,"column":4},"end":{"line":12,"column":5}},{"start":{},"end":{}}],"line":10},"3":{"loc":{"start":{"line":28,"column":6},"end":{"line":30,"column":7}},"type":"if","locations":[{"start":{"line":28,"column":6},"end":{"line":30,"column":7}},{"start":{},"end":{}}],"line":28},"4":{"loc":{"start":{"line":50,"column":6},"end":{"line":63,"column":7}},"type":"if","locations":[{"start":{"line":50,"column":6},"end":{"line":63,"column":7}},{"start":{},"end":{}}],"line":50},"5":{"loc":{"start":{"line":58,"column":8},"end":{"line":62,"column":9}},"type":"if","locations":[{"start":{"line":58,"column":8},"end":{"line":62,"column":9}},{"start":{},"end":{}}],"line":58},"6":{"loc":{"start":{"line":71,"column":6},"end":{"line":73,"column":7}},"type":"if","locations":[{"start":{"line":71,"column":6},"end":{"line":73,"column":7}},{"start":{},"end":{}}],"line":71}},"s":{"0":1,"1":1,"2":1,"3":1,"4":0,"5":0,"6":0,"7":1,"8":1,"9":1,"10":1,"11":1,"12":1,"13":0,"14":1,"15":0,"16":0,"17":0,"18":0,"19":0,"20":0,"21":0,"22":0,"23":0,"24":0,"25":0,"26":0,"27":0,"28":0,"29":0,"30":0,"31":0,"32":0,"33":0,"34":0,"35":0,"36":0,"37":0,"38":0,"39":0,"40":0,"41":0,"42":1},"f":{"0":1,"1":0,"2":0,"3":0,"4":0,"5":0,"6":0},"b":{"0":[1,1],"1":[0,1],"2":[0,0],"3":[0,1],"4":[0,0],"5":[0,0],"6":[0,0]},"_coverageSchema":"1a1c01bbd47fc00a2c39e90264f33305004495a9","hash":"4d7aa0d27e341cce3a51887df378fcc9b4d6578d","contentHash":"0e8d757ec5e7c2429493d284a963d1805b48e8ba3b43633dae8d76797e18d1c8"},"C:\\Users\\caugh\\Pictures\\Assignments\\CAPSTONE\\CS46X-UniFreelancer\\server\\routes\\stripeWebhook.js":{"path":"C:\\Users\\caugh\\Pictures\\Assignments\\CAPSTONE\\CS46X-UniFreelancer\\server\\routes\\stripeWebhook.js","statementMap":{"0":{"start":{"line":1,"column":16},"end":{"line":1,"column":34}},"1":{"start":{"line":2,"column":15},"end":{"line":2,"column":32}},"2":{"start":{"line":3,"column":13},"end":{"line":3,"column":43}},"3":{"start":{"line":5,"column":15},"end":{"line":5,"column":31}},"4":{"start":{"line":7,"column":0},"end":{"line":64,"column":1}},"5":{"start":{"line":8,"column":2},"end":{"line":8,"column":60}},"6":{"start":{"line":10,"column":2},"end":{"line":12,"column":5}},"7":{"start":{"line":11,"column":4},"end":{"line":11,"column":45}},"8":{"start":{"line":15,"column":17},"end":{"line":15,"column":58}},"9":{"start":{"line":17,"column":2},"end":{"line":63,"column":5}},"10":{"start":{"line":18,"column":16},"end":{"line":18,"column":47}},"11":{"start":{"line":21,"column":4},"end":{"line":30,"column":5}},"12":{"start":{"line":22,"column":6},"end":{"line":26,"column":8}},"13":{"start":{"line":28,"column":6},"end":{"line":28,"column":75}},"14":{"start":{"line":29,"column":6},"end":{"line":29,"column":67}},"15":{"start":{"line":32,"column":4},"end":{"line":32,"column":49}},"16":{"start":{"line":35,"column":4},"end":{"line":60,"column":5}},"17":{"start":{"line":36,"column":22},"end":{"line":36,"column":39}},"18":{"start":{"line":38,"column":35},"end":{"line":38,"column":57}},"19":{"start":{"line":40,"column":6},"end":{"line":43,"column":7}},"20":{"start":{"line":41,"column":8},"end":{"line":41,"column":74}},"21":{"start":{"line":42,"column":8},"end":{"line":42,"column":44}},"22":{"start":{"line":45,"column":6},"end":{"line":59,"column":7}},"23":{"start":{"line":46,"column":21},"end":{"line":50,"column":9}},"24":{"start":{"line":52,"column":8},"end":{"line":56,"column":9}},"25":{"start":{"line":53,"column":10},"end":{"line":53,"column":73}},"26":{"start":{"line":55,"column":10},"end":{"line":55,"column":54}},"27":{"start":{"line":58,"column":8},"end":{"line":58,"column":53}},"28":{"start":{"line":62,"column":4},"end":{"line":62,"column":33}},"29":{"start":{"line":66,"column":0},"end":{"line":66,"column":24}}},"fnMap":{"0":{"name":"(anonymous_0)","decl":{"start":{"line":10,"column":19},"end":{"line":10,"column":20}},"loc":{"start":{"line":10,"column":34},"end":{"line":12,"column":3}},"line":10},"1":{"name":"(anonymous_1)","decl":{"start":{"line":17,"column":19},"end":{"line":17,"column":20}},"loc":{"start":{"line":17,"column":39},"end":{"line":63,"column":3}},"line":17}},"branchMap":{"0":{"loc":{"start":{"line":7,"column":0},"end":{"line":64,"column":1}},"type":"if","locations":[{"start":{"line":7,"column":0},"end":{"line":64,"column":1}},{"start":{"line":14,"column":7},"end":{"line":64,"column":1}}],"line":7},"1":{"loc":{"start":{"line":7,"column":4},"end":{"line":7,"column":72}},"type":"binary-expr","locations":[{"start":{"line":7,"column":4},"end":{"line":7,"column":34}},{"start":{"line":7,"column":38},"end":{"line":7,"column":72}}],"line":7},"2":{"loc":{"start":{"line":35,"column":4},"end":{"line":60,"column":5}},"type":"if","locations":[{"start":{"line":35,"column":4},"end":{"line":60,"column":5}},{"start":{},"end":{}}],"line":35},"3":{"loc":{"start":{"line":38,"column":35},"end":{"line":38,"column":57}},"type":"binary-expr","locations":[{"start":{"line":38,"column":35},"end":{"line":38,"column":51}},{"start":{"line":38,"column":55},"end":{"line":38,"column":57}}],"line":38},"4":{"loc":{"start":{"line":40,"column":6},"end":{"line":43,"column":7}},"type":"if","locations":[{"start":{"line":40,"column":6},"end":{"line":43,"column":7}},{"start":{},"end":{}}],"line":40},"5":{"loc":{"start":{"line":40,"column":10},"end":{"line":40,"column":30}},"type":"binary-expr","locations":[{"start":{"line":40,"column":10},"end":{"line":40,"column":19}},{"start":{"line":40,"column":23},"end":{"line":40,"column":30}}],"line":40},"6":{"loc":{"start":{"line":52,"column":8},"end":{"line":56,"column":9}},"type":"if","locations":[{"start":{"line":52,"column":8},"end":{"line":56,"column":9}},{"start":{"line":54,"column":15},"end":{"line":56,"column":9}}],"line":52}},"s":{"0":1,"1":1,"2":1,"3":1,"4":1,"5":1,"6":1,"7":0,"8":0,"9":0,"10":0,"11":0,"12":0,"13":0,"14":0,"15":0,"16":0,"17":0,"18":0,"19":0,"20":0,"21":0,"22":0,"23":0,"24":0,"25":0,"26":0,"27":0,"28":0,"29":1},"f":{"0":0,"1":0},"b":{"0":[1,0],"1":[1,0],"2":[0,0],"3":[0,0],"4":[0,0],"5":[0,0],"6":[0,0]},"_coverageSchema":"1a1c01bbd47fc00a2c39e90264f33305004495a9","hash":"a26fb0be040e9680fc18b91c14df32065da2dc0a","contentHash":"5e5676124d20757f185af4f0b1af6f610fca05c6f8b007a6aa56fe28f90e0d9d"},"C:\\Users\\caugh\\Pictures\\Assignments\\CAPSTONE\\CS46X-UniFreelancer\\server\\models\\UserModel.js":{"path":"C:\\Users\\caugh\\Pictures\\Assignments\\CAPSTONE\\CS46X-UniFreelancer\\server\\models\\UserModel.js","statementMap":{"0":{"start":{"line":1,"column":17},"end":{"line":1,"column":36}},"1":{"start":{"line":2,"column":15},"end":{"line":2,"column":32}},"2":{"start":{"line":4,"column":20},"end":{"line":4,"column":64}},"3":{"start":{"line":7,"column":35},"end":{"line":14,"column":18}},"4":{"start":{"line":17,"column":25},"end":{"line":25,"column":18}},"5":{"start":{"line":28,"column":29},"end":{"line":64,"column":17}},"6":{"start":{"line":67,"column":31},"end":{"line":74,"column":1}},"7":{"start":{"line":76,"column":19},"end":{"line":144,"column":1}},"8":{"start":{"line":147,"column":0},"end":{"line":157,"column":3}},"9":{"start":{"line":148,"column":2},"end":{"line":148,"column":50}},"10":{"start":{"line":148,"column":36},"end":{"line":148,"column":50}},"11":{"start":{"line":150,"column":2},"end":{"line":156,"column":3}},"12":{"start":{"line":151,"column":17},"end":{"line":151,"column":62}},"13":{"start":{"line":152,"column":4},"end":{"line":152,"column":25}},"14":{"start":{"line":153,"column":4},"end":{"line":153,"column":11}},"15":{"start":{"line":155,"column":4},"end":{"line":155,"column":14}},"16":{"start":{"line":160,"column":0},"end":{"line":160,"column":30}},"17":{"start":{"line":161,"column":0},"end":{"line":161,"column":41}},"18":{"start":{"line":162,"column":0},"end":{"line":162,"column":42}},"19":{"start":{"line":163,"column":0},"end":{"line":163,"column":45}},"20":{"start":{"line":164,"column":0},"end":{"line":164,"column":51}},"21":{"start":{"line":165,"column":0},"end":{"line":165,"column":54}},"22":{"start":{"line":167,"column":0},"end":{"line":167,"column":52}}},"fnMap":{"0":{"name":"(anonymous_0)","decl":{"start":{"line":147,"column":23},"end":{"line":147,"column":24}},"loc":{"start":{"line":147,"column":45},"end":{"line":157,"column":1}},"line":147}},"branchMap":{"0":{"loc":{"start":{"line":4,"column":27},"end":{"line":4,"column":63}},"type":"binary-expr","locations":[{"start":{"line":4,"column":27},"end":{"line":4,"column":57}},{"start":{"line":4,"column":61},"end":{"line":4,"column":63}}],"line":4},"1":{"loc":{"start":{"line":148,"column":2},"end":{"line":148,"column":50}},"type":"if","locations":[{"start":{"line":148,"column":2},"end":{"line":148,"column":50}},{"start":{},"end":{}}],"line":148}},"s":{"0":1,"1":1,"2":1,"3":1,"4":1,"5":1,"6":1,"7":1,"8":1,"9":0,"10":0,"11":0,"12":0,"13":0,"14":0,"15":0,"16":1,"17":1,"18":1,"19":1,"20":1,"21":1,"22":1},"f":{"0":0},"b":{"0":[1,1],"1":[0,0]},"_coverageSchema":"1a1c01bbd47fc00a2c39e90264f33305004495a9","hash":"311e0550437a8d7d302e12c4b0585c29664e508f","contentHash":"337b6bc3d32f33488131c7aedb62691904ea1cc4c61839ab59d767ef855dcedf"},"C:\\Users\\caugh\\Pictures\\Assignments\\CAPSTONE\\CS46X-UniFreelancer\\server\\routes\\academy.js":{"path":"C:\\Users\\caugh\\Pictures\\Assignments\\CAPSTONE\\CS46X-UniFreelancer\\server\\routes\\academy.js","statementMap":{"0":{"start":{"line":1,"column":16},"end":{"line":1,"column":34}},"1":{"start":{"line":2,"column":15},"end":{"line":2,"column":31}},"2":{"start":{"line":4,"column":0},"end":{"line":6,"column":3}},"3":{"start":{"line":5,"column":4},"end":{"line":5,"column":42}},"4":{"start":{"line":8,"column":0},"end":{"line":8,"column":24}}},"fnMap":{"0":{"name":"(anonymous_0)","decl":{"start":{"line":4,"column":16},"end":{"line":4,"column":17}},"loc":{"start":{"line":4,"column":30},"end":{"line":6,"column":1}},"line":4}},"branchMap":{},"s":{"0":1,"1":1,"2":1,"3":0,"4":1},"f":{"0":0},"b":{},"_coverageSchema":"1a1c01bbd47fc00a2c39e90264f33305004495a9","hash":"037c6fd7f1166933dcccb748867f98dbb659fb1a","contentHash":"0e1861da5143eac652304e39f1c7548a99e299314a5dcc10e4035ce509b9c761"},"C:\\Users\\caugh\\Pictures\\Assignments\\CAPSTONE\\CS46X-UniFreelancer\\server\\routes\\courses.js":{"path":"C:\\Users\\caugh\\Pictures\\Assignments\\CAPSTONE\\CS46X-UniFreelancer\\server\\routes\\courses.js","statementMap":{"0":{"start":{"line":1,"column":16},"end":{"line":1,"column":34}},"1":{"start":{"line":2,"column":15},"end":{"line":2,"column":47}},"2":{"start":{"line":3,"column":13},"end":{"line":3,"column":43}},"3":{"start":{"line":4,"column":20},"end":{"line":4,"column":59}},"4":{"start":{"line":6,"column":15},"end":{"line":6,"column":31}},"5":{"start":{"line":11,"column":0},"end":{"line":19,"column":3}},"6":{"start":{"line":12,"column":2},"end":{"line":18,"column":3}},"7":{"start":{"line":13,"column":20},"end":{"line":13,"column":63}},"8":{"start":{"line":14,"column":4},"end":{"line":14,"column":22}},"9":{"start":{"line":16,"column":4},"end":{"line":16,"column":50}},"10":{"start":{"line":17,"column":4},"end":{"line":17,"column":49}},"11":{"start":{"line":24,"column":0},"end":{"line":37,"column":3}},"12":{"start":{"line":25,"column":2},"end":{"line":36,"column":3}},"13":{"start":{"line":26,"column":19},"end":{"line":26,"column":55}},"14":{"start":{"line":28,"column":4},"end":{"line":30,"column":5}},"15":{"start":{"line":29,"column":6},"end":{"line":29,"column":67}},"16":{"start":{"line":32,"column":4},"end":{"line":32,"column":21}},"17":{"start":{"line":34,"column":4},"end":{"line":34,"column":49}},"18":{"start":{"line":35,"column":4},"end":{"line":35,"column":49}},"19":{"start":{"line":42,"column":0},"end":{"line":85,"column":3}},"20":{"start":{"line":43,"column":2},"end":{"line":84,"column":3}},"21":{"start":{"line":44,"column":4},"end":{"line":44,"column":51}},"22":{"start":{"line":45,"column":4},"end":{"line":45,"column":51}},"23":{"start":{"line":48,"column":23},"end":{"line":48,"column":103}},"24":{"start":{"line":50,"column":4},"end":{"line":52,"column":5}},"25":{"start":{"line":51,"column":6},"end":{"line":51,"column":69}},"26":{"start":{"line":54,"column":4},"end":{"line":54,"column":49}},"27":{"start":{"line":57,"column":4},"end":{"line":59,"column":5}},"28":{"start":{"line":58,"column":6},"end":{"line":58,"column":84}},"29":{"start":{"line":62,"column":23},"end":{"line":71,"column":5}},"30":{"start":{"line":73,"column":4},"end":{"line":73,"column":88}},"31":{"start":{"line":75,"column":19},"end":{"line":75,"column":41}},"32":{"start":{"line":76,"column":18},"end":{"line":76,"column":37}},"33":{"start":{"line":78,"column":4},"end":{"line":78,"column":68}},"34":{"start":{"line":79,"column":4},"end":{"line":79,"column":32}},"35":{"start":{"line":82,"column":4},"end":{"line":82,"column":49}},"36":{"start":{"line":83,"column":4},"end":{"line":83,"column":49}},"37":{"start":{"line":90,"column":0},"end":{"line":115,"column":3}},"38":{"start":{"line":91,"column":2},"end":{"line":114,"column":3}},"39":{"start":{"line":93,"column":19},"end":{"line":93,"column":55}},"40":{"start":{"line":95,"column":4},"end":{"line":97,"column":5}},"41":{"start":{"line":96,"column":6},"end":{"line":96,"column":65}},"42":{"start":{"line":100,"column":4},"end":{"line":102,"column":5}},"43":{"start":{"line":101,"column":6},"end":{"line":101,"column":83}},"44":{"start":{"line":104,"column":20},"end":{"line":108,"column":5}},"45":{"start":{"line":110,"column":4},"end":{"line":110,"column":22}},"46":{"start":{"line":112,"column":4},"end":{"line":112,"column":49}},"47":{"start":{"line":113,"column":4},"end":{"line":113,"column":49}},"48":{"start":{"line":120,"column":0},"end":{"line":141,"column":3}},"49":{"start":{"line":121,"column":2},"end":{"line":140,"column":3}},"50":{"start":{"line":123,"column":19},"end":{"line":123,"column":55}},"51":{"start":{"line":125,"column":4},"end":{"line":127,"column":5}},"52":{"start":{"line":126,"column":6},"end":{"line":126,"column":65}},"53":{"start":{"line":130,"column":4},"end":{"line":132,"column":5}},"54":{"start":{"line":131,"column":6},"end":{"line":131,"column":85}},"55":{"start":{"line":134,"column":4},"end":{"line":134,"column":50}},"56":{"start":{"line":136,"column":4},"end":{"line":136,"column":44}},"57":{"start":{"line":138,"column":4},"end":{"line":138,"column":49}},"58":{"start":{"line":139,"column":4},"end":{"line":139,"column":49}},"59":{"start":{"line":143,"column":0},"end":{"line":143,"column":24}}},"fnMap":{"0":{"name":"(anonymous_0)","decl":{"start":{"line":11,"column":16},"end":{"line":11,"column":17}},"loc":{"start":{"line":11,"column":36},"end":{"line":19,"column":1}},"line":11},"1":{"name":"(anonymous_1)","decl":{"start":{"line":24,"column":19},"end":{"line":24,"column":20}},"loc":{"start":{"line":24,"column":39},"end":{"line":37,"column":1}},"line":24},"2":{"name":"(anonymous_2)","decl":{"start":{"line":42,"column":26},"end":{"line":42,"column":27}},"loc":{"start":{"line":42,"column":46},"end":{"line":85,"column":1}},"line":42},"3":{"name":"(anonymous_3)","decl":{"start":{"line":90,"column":28},"end":{"line":90,"column":29}},"loc":{"start":{"line":90,"column":48},"end":{"line":115,"column":1}},"line":90},"4":{"name":"(anonymous_4)","decl":{"start":{"line":120,"column":31},"end":{"line":120,"column":32}},"loc":{"start":{"line":120,"column":51},"end":{"line":141,"column":1}},"line":120}},"branchMap":{"0":{"loc":{"start":{"line":28,"column":4},"end":{"line":30,"column":5}},"type":"if","locations":[{"start":{"line":28,"column":4},"end":{"line":30,"column":5}},{"start":{},"end":{}}],"line":28},"1":{"loc":{"start":{"line":50,"column":4},"end":{"line":52,"column":5}},"type":"if","locations":[{"start":{"line":50,"column":4},"end":{"line":52,"column":5}},{"start":{},"end":{}}],"line":50},"2":{"loc":{"start":{"line":57,"column":4},"end":{"line":59,"column":5}},"type":"if","locations":[{"start":{"line":57,"column":4},"end":{"line":59,"column":5}},{"start":{},"end":{}}],"line":57},"3":{"loc":{"start":{"line":68,"column":15},"end":{"line":68,"column":57}},"type":"binary-expr","locations":[{"start":{"line":68,"column":15},"end":{"line":68,"column":41}},{"start":{"line":68,"column":45},"end":{"line":68,"column":57}}],"line":68},"4":{"loc":{"start":{"line":69,"column":16},"end":{"line":69,"column":49}},"type":"binary-expr","locations":[{"start":{"line":69,"column":16},"end":{"line":69,"column":43}},{"start":{"line":69,"column":47},"end":{"line":69,"column":49}}],"line":69},"5":{"loc":{"start":{"line":95,"column":4},"end":{"line":97,"column":5}},"type":"if","locations":[{"start":{"line":95,"column":4},"end":{"line":97,"column":5}},{"start":{},"end":{}}],"line":95},"6":{"loc":{"start":{"line":100,"column":4},"end":{"line":102,"column":5}},"type":"if","locations":[{"start":{"line":100,"column":4},"end":{"line":102,"column":5}},{"start":{},"end":{}}],"line":100},"7":{"loc":{"start":{"line":125,"column":4},"end":{"line":127,"column":5}},"type":"if","locations":[{"start":{"line":125,"column":4},"end":{"line":127,"column":5}},{"start":{},"end":{}}],"line":125},"8":{"loc":{"start":{"line":130,"column":4},"end":{"line":132,"column":5}},"type":"if","locations":[{"start":{"line":130,"column":4},"end":{"line":132,"column":5}},{"start":{},"end":{}}],"line":130}},"s":{"0":1,"1":1,"2":1,"3":1,"4":1,"5":1,"6":0,"7":0,"8":0,"9":0,"10":0,"11":1,"12":0,"13":0,"14":0,"15":0,"16":0,"17":0,"18":0,"19":1,"20":0,"21":0,"22":0,"23":0,"24":0,"25":0,"26":0,"27":0,"28":0,"29":0,"30":0,"31":0,"32":0,"33":0,"34":0,"35":0,"36":0,"37":1,"38":0,"39":0,"40":0,"41":0,"42":0,"43":0,"44":0,"45":0,"46":0,"47":0,"48":1,"49":0,"50":0,"51":0,"52":0,"53":0,"54":0,"55":0,"56":0,"57":0,"58":0,"59":1},"f":{"0":0,"1":0,"2":0,"3":0,"4":0},"b":{"0":[0,0],"1":[0,0],"2":[0,0],"3":[0,0],"4":[0,0],"5":[0,0],"6":[0,0],"7":[0,0],"8":[0,0]},"_coverageSchema":"1a1c01bbd47fc00a2c39e90264f33305004495a9","hash":"c8f75273dda54b8a977b2ae2005d10589671502b","contentHash":"decf91f288d4eaf6d90bf6e8b0e1302436084106bffa7ef3b860eb52e06343d7"},"C:\\Users\\caugh\\Pictures\\Assignments\\CAPSTONE\\CS46X-UniFreelancer\\server\\models\\CourseModel.js":{"path":"C:\\Users\\caugh\\Pictures\\Assignments\\CAPSTONE\\CS46X-UniFreelancer\\server\\models\\CourseModel.js","statementMap":{"0":{"start":{"line":1,"column":17},"end":{"line":1,"column":36}},"1":{"start":{"line":3,"column":25},"end":{"line":10,"column":18}},"2":{"start":{"line":12,"column":22},"end":{"line":20,"column":18}},"3":{"start":{"line":22,"column":27},"end":{"line":25,"column":18}},"4":{"start":{"line":28,"column":32},"end":{"line":43,"column":18}},"5":{"start":{"line":46,"column":33},"end":{"line":75,"column":18}},"6":{"start":{"line":78,"column":25},"end":{"line":101,"column":18}},"7":{"start":{"line":104,"column":21},"end":{"line":139,"column":17}},"8":{"start":{"line":141,"column":21},"end":{"line":164,"column":17}},"9":{"start":{"line":148,"column":70},"end":{"line":148,"column":112}},"10":{"start":{"line":167,"column":24},"end":{"line":178,"column":18}},"11":{"start":{"line":181,"column":20},"end":{"line":186,"column":18}},"12":{"start":{"line":188,"column":21},"end":{"line":234,"column":1}},"13":{"start":{"line":210,"column":20},"end":{"line":210,"column":22}},"14":{"start":{"line":215,"column":20},"end":{"line":215,"column":22}},"15":{"start":{"line":228,"column":20},"end":{"line":228,"column":22}},"16":{"start":{"line":236,"column":0},"end":{"line":250,"column":3}},"17":{"start":{"line":237,"column":2},"end":{"line":243,"column":3}},"18":{"start":{"line":242,"column":4},"end":{"line":242,"column":31}},"19":{"start":{"line":245,"column":2},"end":{"line":247,"column":3}},"20":{"start":{"line":246,"column":4},"end":{"line":246,"column":33}},"21":{"start":{"line":249,"column":2},"end":{"line":249,"column":11}},"22":{"start":{"line":252,"column":0},"end":{"line":255,"column":3}},"23":{"start":{"line":253,"column":16},"end":{"line":253,"column":32}},"24":{"start":{"line":254,"column":2},"end":{"line":254,"column":43}},"25":{"start":{"line":257,"column":0},"end":{"line":261,"column":3}},"26":{"start":{"line":258,"column":2},"end":{"line":260,"column":8}},"27":{"start":{"line":259,"column":4},"end":{"line":259,"column":49}},"28":{"start":{"line":263,"column":0},"end":{"line":263,"column":47}},"29":{"start":{"line":264,"column":0},"end":{"line":264,"column":49}},"30":{"start":{"line":266,"column":0},"end":{"line":270,"column":3}},"31":{"start":{"line":271,"column":0},"end":{"line":271,"column":38}},"32":{"start":{"line":272,"column":0},"end":{"line":272,"column":36}},"33":{"start":{"line":273,"column":0},"end":{"line":273,"column":44}},"34":{"start":{"line":274,"column":0},"end":{"line":274,"column":38}},"35":{"start":{"line":276,"column":0},"end":{"line":276,"column":56}}},"fnMap":{"0":{"name":"(anonymous_0)","decl":{"start":{"line":148,"column":63},"end":{"line":148,"column":64}},"loc":{"start":{"line":148,"column":70},"end":{"line":148,"column":112}},"line":148},"1":{"name":"(anonymous_1)","decl":{"start":{"line":210,"column":13},"end":{"line":210,"column":14}},"loc":{"start":{"line":210,"column":20},"end":{"line":210,"column":22}},"line":210},"2":{"name":"(anonymous_2)","decl":{"start":{"line":215,"column":13},"end":{"line":215,"column":14}},"loc":{"start":{"line":215,"column":20},"end":{"line":215,"column":22}},"line":215},"3":{"name":"(anonymous_3)","decl":{"start":{"line":228,"column":13},"end":{"line":228,"column":14}},"loc":{"start":{"line":228,"column":20},"end":{"line":228,"column":22}},"line":228},"4":{"name":"(anonymous_4)","decl":{"start":{"line":236,"column":40},"end":{"line":236,"column":41}},"loc":{"start":{"line":236,"column":52},"end":{"line":250,"column":1}},"line":236},"5":{"name":"(anonymous_5)","decl":{"start":{"line":252,"column":35},"end":{"line":252,"column":36}},"loc":{"start":{"line":252,"column":47},"end":{"line":255,"column":1}},"line":252},"6":{"name":"(anonymous_6)","decl":{"start":{"line":257,"column":41},"end":{"line":257,"column":42}},"loc":{"start":{"line":257,"column":53},"end":{"line":261,"column":1}},"line":257},"7":{"name":"(anonymous_7)","decl":{"start":{"line":258,"column":29},"end":{"line":258,"column":30}},"loc":{"start":{"line":258,"column":48},"end":{"line":260,"column":3}},"line":258}},"branchMap":{"0":{"loc":{"start":{"line":237,"column":2},"end":{"line":243,"column":3}},"type":"if","locations":[{"start":{"line":237,"column":2},"end":{"line":243,"column":3}},{"start":{},"end":{}}],"line":237},"1":{"loc":{"start":{"line":238,"column":4},"end":{"line":240,"column":38}},"type":"binary-expr","locations":[{"start":{"line":238,"column":4},"end":{"line":238,"column":16}},{"start":{"line":239,"column":4},"end":{"line":239,"column":43}},{"start":{"line":240,"column":4},"end":{"line":240,"column":38}}],"line":238},"2":{"loc":{"start":{"line":245,"column":2},"end":{"line":247,"column":3}},"type":"if","locations":[{"start":{"line":245,"column":2},"end":{"line":247,"column":3}},{"start":{},"end":{}}],"line":245},"3":{"loc":{"start":{"line":245,"column":6},"end":{"line":245,"column":60}},"type":"binary-expr","locations":[{"start":{"line":245,"column":6},"end":{"line":245,"column":15}},{"start":{"line":245,"column":19},"end":{"line":245,"column":60}}],"line":245},"4":{"loc":{"start":{"line":254,"column":9},"end":{"line":254,"column":42}},"type":"binary-expr","locations":[{"start":{"line":254,"column":9},"end":{"line":254,"column":27}},{"start":{"line":254,"column":31},"end":{"line":254,"column":42}}],"line":254},"5":{"loc":{"start":{"line":259,"column":20},"end":{"line":259,"column":47}},"type":"binary-expr","locations":[{"start":{"line":259,"column":20},"end":{"line":259,"column":42}},{"start":{"line":259,"column":46},"end":{"line":259,"column":47}}],"line":259}},"s":{"0":1,"1":1,"2":1,"3":1,"4":1,"5":1,"6":1,"7":1,"8":1,"9":0,"10":1,"11":1,"12":1,"13":0,"14":0,"15":0,"16":1,"17":0,"18":0,"19":0,"20":0,"21":0,"22":1,"23":0,"24":0,"25":1,"26":0,"27":0,"28":1,"29":1,"30":1,"31":1,"32":1,"33":1,"34":1,"35":1},"f":{"0":0,"1":0,"2":0,"3":0,"4":0,"5":0,"6":0,"7":0},"b":{"0":[0,0],"1":[0,0,0],"2":[0,0],"3":[0,0],"4":[0,0],"5":[0,0]},"_coverageSchema":"1a1c01bbd47fc00a2c39e90264f33305004495a9","hash":"fbd11e14c07552d53b56b8136cf796a00e2ac193","contentHash":"0616ee00b8617a537f3a7ab502ef5eafb00f1af46d57af545d777da138ef8564"},"C:\\Users\\caugh\\Pictures\\Assignments\\CAPSTONE\\CS46X-UniFreelancer\\server\\middleware\\authMiddleware.js":{"path":"C:\\Users\\caugh\\Pictures\\Assignments\\CAPSTONE\\CS46X-UniFreelancer\\server\\middleware\\authMiddleware.js","statementMap":{"0":{"start":{"line":1,"column":12},"end":{"line":1,"column":35}},"1":{"start":{"line":2,"column":13},"end":{"line":2,"column":43}},"2":{"start":{"line":4,"column":16},"end":{"line":28,"column":1}},"3":{"start":{"line":8,"column":4},"end":{"line":23,"column":5}},"4":{"start":{"line":9,"column":8},"end":{"line":22,"column":9}},"5":{"start":{"line":10,"column":12},"end":{"line":10,"column":38}},"6":{"start":{"line":13,"column":28},"end":{"line":13,"column":88}},"7":{"start":{"line":16,"column":12},"end":{"line":16,"column":75}},"8":{"start":{"line":18,"column":12},"end":{"line":18,"column":19}},"9":{"start":{"line":20,"column":12},"end":{"line":20,"column":33}},"10":{"start":{"line":21,"column":12},"end":{"line":21,"column":78}},"11":{"start":{"line":25,"column":4},"end":{"line":27,"column":5}},"12":{"start":{"line":26,"column":8},"end":{"line":26,"column":70}},"13":{"start":{"line":30,"column":0},"end":{"line":30,"column":29}}},"fnMap":{"0":{"name":"(anonymous_0)","decl":{"start":{"line":4,"column":16},"end":{"line":4,"column":17}},"loc":{"start":{"line":4,"column":42},"end":{"line":28,"column":1}},"line":4}},"branchMap":{"0":{"loc":{"start":{"line":8,"column":4},"end":{"line":23,"column":5}},"type":"if","locations":[{"start":{"line":8,"column":4},"end":{"line":23,"column":5}},{"start":{},"end":{}}],"line":8},"1":{"loc":{"start":{"line":8,"column":8},"end":{"line":8,"column":40}},"type":"binary-expr","locations":[{"start":{"line":8,"column":8},"end":{"line":8,"column":19}},{"start":{"line":8,"column":23},"end":{"line":8,"column":40}}],"line":8},"2":{"loc":{"start":{"line":13,"column":46},"end":{"line":13,"column":87}},"type":"binary-expr","locations":[{"start":{"line":13,"column":46},"end":{"line":13,"column":68}},{"start":{"line":13,"column":72},"end":{"line":13,"column":87}}],"line":13},"3":{"loc":{"start":{"line":25,"column":4},"end":{"line":27,"column":5}},"type":"if","locations":[{"start":{"line":25,"column":4},"end":{"line":27,"column":5}},{"start":{},"end":{}}],"line":25}},"s":{"0":1,"1":1,"2":1,"3":0,"4":0,"5":0,"6":0,"7":0,"8":0,"9":0,"10":0,"11":0,"12":0,"13":1},"f":{"0":0},"b":{"0":[0,0],"1":[0,0],"2":[0,0],"3":[0,0]},"_coverageSchema":"1a1c01bbd47fc00a2c39e90264f33305004495a9","hash":"54db83578249868d0c78c960475cf1e76dc9d366","contentHash":"2501860e468b45dccf76f4209ddff7373539161413803f3c91bb24baf1b46f24"},"C:\\Users\\caugh\\Pictures\\Assignments\\CAPSTONE\\CS46X-UniFreelancer\\server\\routes\\tutorials.js":{"path":"C:\\Users\\caugh\\Pictures\\Assignments\\CAPSTONE\\CS46X-UniFreelancer\\server\\routes\\tutorials.js","statementMap":{"0":{"start":{"line":1,"column":16},"end":{"line":1,"column":34}},"1":{"start":{"line":2,"column":17},"end":{"line":2,"column":51}},"2":{"start":{"line":4,"column":15},"end":{"line":4,"column":31}},"3":{"start":{"line":7,"column":0},"end":{"line":14,"column":3}},"4":{"start":{"line":8,"column":2},"end":{"line":13,"column":3}},"5":{"start":{"line":9,"column":22},"end":{"line":9,"column":43}},"6":{"start":{"line":10,"column":4},"end":{"line":10,"column":24}},"7":{"start":{"line":12,"column":4},"end":{"line":12,"column":49}},"8":{"start":{"line":17,"column":0},"end":{"line":25,"column":3}},"9":{"start":{"line":18,"column":2},"end":{"line":24,"column":3}},"10":{"start":{"line":19,"column":21},"end":{"line":19,"column":59}},"11":{"start":{"line":20,"column":4},"end":{"line":20,"column":80}},"12":{"start":{"line":20,"column":19},"end":{"line":20,"column":80}},"13":{"start":{"line":21,"column":4},"end":{"line":21,"column":23}},"14":{"start":{"line":23,"column":4},"end":{"line":23,"column":49}},"15":{"start":{"line":28,"column":0},"end":{"line":42,"column":3}},"16":{"start":{"line":29,"column":2},"end":{"line":41,"column":3}},"17":{"start":{"line":30,"column":4},"end":{"line":30,"column":53}},"18":{"start":{"line":31,"column":4},"end":{"line":31,"column":51}},"19":{"start":{"line":33,"column":21},"end":{"line":33,"column":43}},"20":{"start":{"line":34,"column":18},"end":{"line":34,"column":39}},"21":{"start":{"line":36,"column":4},"end":{"line":36,"column":42}},"22":{"start":{"line":37,"column":4},"end":{"line":37,"column":32}},"23":{"start":{"line":39,"column":4},"end":{"line":39,"column":51}},"24":{"start":{"line":40,"column":4},"end":{"line":40,"column":49}},"25":{"start":{"line":45,"column":0},"end":{"line":58,"column":3}},"26":{"start":{"line":46,"column":2},"end":{"line":57,"column":3}},"27":{"start":{"line":47,"column":20},"end":{"line":51,"column":5}},"28":{"start":{"line":53,"column":4},"end":{"line":53,"column":79}},"29":{"start":{"line":53,"column":18},"end":{"line":53,"column":79}},"30":{"start":{"line":54,"column":4},"end":{"line":54,"column":22}},"31":{"start":{"line":56,"column":4},"end":{"line":56,"column":49}},"32":{"start":{"line":61,"column":0},"end":{"line":70,"column":3}},"33":{"start":{"line":62,"column":2},"end":{"line":69,"column":3}},"34":{"start":{"line":63,"column":20},"end":{"line":63,"column":67}},"35":{"start":{"line":64,"column":4},"end":{"line":64,"column":79}},"36":{"start":{"line":64,"column":18},"end":{"line":64,"column":79}},"37":{"start":{"line":66,"column":4},"end":{"line":66,"column":46}},"38":{"start":{"line":68,"column":4},"end":{"line":68,"column":49}},"39":{"start":{"line":72,"column":0},"end":{"line":72,"column":24}}},"fnMap":{"0":{"name":"(anonymous_0)","decl":{"start":{"line":7,"column":16},"end":{"line":7,"column":17}},"loc":{"start":{"line":7,"column":36},"end":{"line":14,"column":1}},"line":7},"1":{"name":"(anonymous_1)","decl":{"start":{"line":17,"column":19},"end":{"line":17,"column":20}},"loc":{"start":{"line":17,"column":39},"end":{"line":25,"column":1}},"line":17},"2":{"name":"(anonymous_2)","decl":{"start":{"line":28,"column":17},"end":{"line":28,"column":18}},"loc":{"start":{"line":28,"column":37},"end":{"line":42,"column":1}},"line":28},"3":{"name":"(anonymous_3)","decl":{"start":{"line":45,"column":19},"end":{"line":45,"column":20}},"loc":{"start":{"line":45,"column":39},"end":{"line":58,"column":1}},"line":45},"4":{"name":"(anonymous_4)","decl":{"start":{"line":61,"column":22},"end":{"line":61,"column":23}},"loc":{"start":{"line":61,"column":42},"end":{"line":70,"column":1}},"line":61}},"branchMap":{"0":{"loc":{"start":{"line":20,"column":4},"end":{"line":20,"column":80}},"type":"if","locations":[{"start":{"line":20,"column":4},"end":{"line":20,"column":80}},{"start":{},"end":{}}],"line":20},"1":{"loc":{"start":{"line":53,"column":4},"end":{"line":53,"column":79}},"type":"if","locations":[{"start":{"line":53,"column":4},"end":{"line":53,"column":79}},{"start":{},"end":{}}],"line":53},"2":{"loc":{"start":{"line":64,"column":4},"end":{"line":64,"column":79}},"type":"if","locations":[{"start":{"line":64,"column":4},"end":{"line":64,"column":79}},{"start":{},"end":{}}],"line":64}},"s":{"0":1,"1":1,"2":1,"3":1,"4":0,"5":0,"6":0,"7":0,"8":1,"9":0,"10":0,"11":0,"12":0,"13":0,"14":0,"15":1,"16":0,"17":0,"18":0,"19":0,"20":0,"21":0,"22":0,"23":0,"24":0,"25":1,"26":0,"27":0,"28":0,"29":0,"30":0,"31":0,"32":1,"33":0,"34":0,"35":0,"36":0,"37":0,"38":0,"39":1},"f":{"0":0,"1":0,"2":0,"3":0,"4":0},"b":{"0":[0,0],"1":[0,0],"2":[0,0]},"_coverageSchema":"1a1c01bbd47fc00a2c39e90264f33305004495a9","hash":"b3d8d91b9b305cb363a838a1eb78237f71482666","contentHash":"b3c0290e87920a8f68facd889a123b2837e0100bb9d63c0dc2eb3bfb710dfa21"},"C:\\Users\\caugh\\Pictures\\Assignments\\CAPSTONE\\CS46X-UniFreelancer\\server\\models\\TutorialModel.js":{"path":"C:\\Users\\caugh\\Pictures\\Assignments\\CAPSTONE\\CS46X-UniFreelancer\\server\\models\\TutorialModel.js","statementMap":{"0":{"start":{"line":1,"column":17},"end":{"line":1,"column":36}},"1":{"start":{"line":3,"column":23},"end":{"line":31,"column":2}},"2":{"start":{"line":33,"column":0},"end":{"line":33,"column":38}},"3":{"start":{"line":34,"column":0},"end":{"line":34,"column":40}},"4":{"start":{"line":35,"column":0},"end":{"line":35,"column":61}},"5":{"start":{"line":37,"column":0},"end":{"line":37,"column":60}}},"fnMap":{},"branchMap":{},"s":{"0":1,"1":1,"2":1,"3":1,"4":1,"5":1},"f":{},"b":{},"_coverageSchema":"1a1c01bbd47fc00a2c39e90264f33305004495a9","hash":"7a7a9bdae4f687b39e266316be1eacb5257c0e2b","contentHash":"336e4dbc17c5d1aa4e5fa96cfe3c40405661b9b0f7d3e757782d7958e94ab06e"},"C:\\Users\\caugh\\Pictures\\Assignments\\CAPSTONE\\CS46X-UniFreelancer\\server\\routes\\seminars.js":{"path":"C:\\Users\\caugh\\Pictures\\Assignments\\CAPSTONE\\CS46X-UniFreelancer\\server\\routes\\seminars.js","statementMap":{"0":{"start":{"line":1,"column":16},"end":{"line":1,"column":34}},"1":{"start":{"line":2,"column":12},"end":{"line":2,"column":35}},"2":{"start":{"line":3,"column":16},"end":{"line":3,"column":49}},"3":{"start":{"line":4,"column":20},"end":{"line":4,"column":59}},"4":{"start":{"line":5,"column":15},"end":{"line":5,"column":31}},"5":{"start":{"line":7,"column":23},"end":{"line":7,"column":37}},"6":{"start":{"line":9,"column":25},"end":{"line":21,"column":1}},"7":{"start":{"line":10,"column":19},"end":{"line":10,"column":42}},"8":{"start":{"line":11,"column":18},"end":{"line":11,"column":79}},"9":{"start":{"line":12,"column":16},"end":{"line":12,"column":73}},"10":{"start":{"line":14,"column":2},"end":{"line":16,"column":3}},"11":{"start":{"line":15,"column":4},"end":{"line":15,"column":18}},"12":{"start":{"line":18,"column":2},"end":{"line":18,"column":54}},"13":{"start":{"line":18,"column":38},"end":{"line":18,"column":54}},"14":{"start":{"line":19,"column":2},"end":{"line":19,"column":50}},"15":{"start":{"line":19,"column":36},"end":{"line":19,"column":50}},"16":{"start":{"line":20,"column":2},"end":{"line":20,"column":20}},"17":{"start":{"line":23,"column":26},"end":{"line":47,"column":1}},"18":{"start":{"line":24,"column":21},"end":{"line":24,"column":36}},"19":{"start":{"line":26,"column":2},"end":{"line":32,"column":3}},"20":{"start":{"line":27,"column":18},"end":{"line":27,"column":44}},"21":{"start":{"line":28,"column":4},"end":{"line":30,"column":5}},"22":{"start":{"line":29,"column":6},"end":{"line":29,"column":50}},"23":{"start":{"line":31,"column":4},"end":{"line":31,"column":31}},"24":{"start":{"line":34,"column":2},"end":{"line":40,"column":3}},"25":{"start":{"line":35,"column":16},"end":{"line":35,"column":40}},"26":{"start":{"line":36,"column":4},"end":{"line":38,"column":5}},"27":{"start":{"line":37,"column":6},"end":{"line":37,"column":48}},"28":{"start":{"line":39,"column":4},"end":{"line":39,"column":27}},"29":{"start":{"line":42,"column":2},"end":{"line":44,"column":3}},"30":{"start":{"line":43,"column":4},"end":{"line":43,"column":69}},"31":{"start":{"line":46,"column":2},"end":{"line":46,"column":20}},"32":{"start":{"line":50,"column":0},"end":{"line":57,"column":3}},"33":{"start":{"line":51,"column":2},"end":{"line":56,"column":3}},"34":{"start":{"line":52,"column":21},"end":{"line":52,"column":41}},"35":{"start":{"line":53,"column":4},"end":{"line":53,"column":23}},"36":{"start":{"line":55,"column":4},"end":{"line":55,"column":49}},"37":{"start":{"line":60,"column":0},"end":{"line":77,"column":3}},"38":{"start":{"line":61,"column":2},"end":{"line":76,"column":3}},"39":{"start":{"line":62,"column":4},"end":{"line":62,"column":47}},"40":{"start":{"line":64,"column":20},"end":{"line":67,"column":5}},"41":{"start":{"line":69,"column":20},"end":{"line":69,"column":40}},"42":{"start":{"line":70,"column":18},"end":{"line":70,"column":38}},"43":{"start":{"line":72,"column":4},"end":{"line":72,"column":32}},"44":{"start":{"line":74,"column":4},"end":{"line":74,"column":48}},"45":{"start":{"line":75,"column":4},"end":{"line":75,"column":49}},"46":{"start":{"line":80,"column":0},"end":{"line":88,"column":3}},"47":{"start":{"line":81,"column":2},"end":{"line":87,"column":3}},"48":{"start":{"line":82,"column":20},"end":{"line":82,"column":57}},"49":{"start":{"line":83,"column":4},"end":{"line":83,"column":78}},"50":{"start":{"line":83,"column":18},"end":{"line":83,"column":78}},"51":{"start":{"line":84,"column":4},"end":{"line":84,"column":22}},"52":{"start":{"line":86,"column":4},"end":{"line":86,"column":49}},"53":{"start":{"line":91,"column":0},"end":{"line":157,"column":3}},"54":{"start":{"line":92,"column":2},"end":{"line":156,"column":3}},"55":{"start":{"line":93,"column":19},"end":{"line":93,"column":51}},"56":{"start":{"line":94,"column":22},"end":{"line":94,"column":57}},"57":{"start":{"line":96,"column":4},"end":{"line":98,"column":5}},"58":{"start":{"line":97,"column":6},"end":{"line":97,"column":90}},"59":{"start":{"line":100,"column":20},"end":{"line":100,"column":57}},"60":{"start":{"line":101,"column":4},"end":{"line":103,"column":5}},"61":{"start":{"line":102,"column":6},"end":{"line":102,"column":68}},"62":{"start":{"line":105,"column":26},"end":{"line":105,"column":57}},"63":{"start":{"line":106,"column":4},"end":{"line":108,"column":5}},"64":{"start":{"line":107,"column":6},"end":{"line":107,"column":94}},"65":{"start":{"line":110,"column":35},"end":{"line":110,"column":58}},"66":{"start":{"line":111,"column":4},"end":{"line":113,"column":5}},"67":{"start":{"line":112,"column":6},"end":{"line":112,"column":88}},"68":{"start":{"line":115,"column":19},"end":{"line":115,"column":44}},"69":{"start":{"line":116,"column":4},"end":{"line":118,"column":5}},"70":{"start":{"line":117,"column":6},"end":{"line":117,"column":105}},"71":{"start":{"line":120,"column":17},"end":{"line":120,"column":44}},"72":{"start":{"line":121,"column":4},"end":{"line":123,"column":5}},"73":{"start":{"line":122,"column":6},"end":{"line":122,"column":93}},"74":{"start":{"line":125,"column":28},"end":{"line":127,"column":41}},"75":{"start":{"line":129,"column":4},"end":{"line":131,"column":5}},"76":{"start":{"line":130,"column":6},"end":{"line":130,"column":86}},"77":{"start":{"line":133,"column":16},"end":{"line":133,"column":45}},"78":{"start":{"line":134,"column":16},"end":{"line":134,"column":33}},"79":{"start":{"line":136,"column":20},"end":{"line":144,"column":5}},"80":{"start":{"line":146,"column":4},"end":{"line":148,"column":5}},"81":{"start":{"line":147,"column":6},"end":{"line":147,"column":50}},"82":{"start":{"line":150,"column":22},"end":{"line":150,"column":74}},"83":{"start":{"line":152,"column":4},"end":{"line":152,"column":36}},"84":{"start":{"line":154,"column":4},"end":{"line":154,"column":50}},"85":{"start":{"line":155,"column":4},"end":{"line":155,"column":73}},"86":{"start":{"line":160,"column":0},"end":{"line":176,"column":3}},"87":{"start":{"line":161,"column":2},"end":{"line":175,"column":3}},"88":{"start":{"line":162,"column":20},"end":{"line":165,"column":5}},"89":{"start":{"line":167,"column":20},"end":{"line":171,"column":5}},"90":{"start":{"line":172,"column":4},"end":{"line":172,"column":22}},"91":{"start":{"line":174,"column":4},"end":{"line":174,"column":49}},"92":{"start":{"line":179,"column":0},"end":{"line":186,"column":3}},"93":{"start":{"line":180,"column":2},"end":{"line":185,"column":3}},"94":{"start":{"line":181,"column":4},"end":{"line":181,"column":51}},"95":{"start":{"line":182,"column":4},"end":{"line":182,"column":45}},"96":{"start":{"line":184,"column":4},"end":{"line":184,"column":49}},"97":{"start":{"line":188,"column":0},"end":{"line":188,"column":24}}},"fnMap":{"0":{"name":"(anonymous_0)","decl":{"start":{"line":9,"column":25},"end":{"line":9,"column":26}},"loc":{"start":{"line":9,"column":56},"end":{"line":21,"column":1}},"line":9},"1":{"name":"(anonymous_1)","decl":{"start":{"line":23,"column":26},"end":{"line":23,"column":27}},"loc":{"start":{"line":23,"column":45},"end":{"line":47,"column":1}},"line":23},"2":{"name":"(anonymous_2)","decl":{"start":{"line":50,"column":16},"end":{"line":50,"column":17}},"loc":{"start":{"line":50,"column":36},"end":{"line":57,"column":1}},"line":50},"3":{"name":"(anonymous_3)","decl":{"start":{"line":60,"column":17},"end":{"line":60,"column":18}},"loc":{"start":{"line":60,"column":37},"end":{"line":77,"column":1}},"line":60},"4":{"name":"(anonymous_4)","decl":{"start":{"line":80,"column":19},"end":{"line":80,"column":20}},"loc":{"start":{"line":80,"column":39},"end":{"line":88,"column":1}},"line":80},"5":{"name":"(anonymous_5)","decl":{"start":{"line":91,"column":43},"end":{"line":91,"column":44}},"loc":{"start":{"line":91,"column":63},"end":{"line":157,"column":1}},"line":91},"6":{"name":"(anonymous_6)","decl":{"start":{"line":160,"column":19},"end":{"line":160,"column":20}},"loc":{"start":{"line":160,"column":39},"end":{"line":176,"column":1}},"line":160},"7":{"name":"(anonymous_7)","decl":{"start":{"line":179,"column":22},"end":{"line":179,"column":23}},"loc":{"start":{"line":179,"column":42},"end":{"line":186,"column":1}},"line":179}},"branchMap":{"0":{"loc":{"start":{"line":9,"column":35},"end":{"line":9,"column":51}},"type":"default-arg","locations":[{"start":{"line":9,"column":41},"end":{"line":9,"column":51}}],"line":9},"1":{"loc":{"start":{"line":10,"column":19},"end":{"line":10,"column":42}},"type":"binary-expr","locations":[{"start":{"line":10,"column":19},"end":{"line":10,"column":36}},{"start":{"line":10,"column":40},"end":{"line":10,"column":42}}],"line":10},"2":{"loc":{"start":{"line":11,"column":18},"end":{"line":11,"column":79}},"type":"cond-expr","locations":[{"start":{"line":11,"column":37},"end":{"line":11,"column":73}},{"start":{"line":11,"column":76},"end":{"line":11,"column":79}}],"line":11},"3":{"loc":{"start":{"line":12,"column":16},"end":{"line":12,"column":73}},"type":"cond-expr","locations":[{"start":{"line":12,"column":33},"end":{"line":12,"column":67}},{"start":{"line":12,"column":70},"end":{"line":12,"column":73}}],"line":12},"4":{"loc":{"start":{"line":14,"column":2},"end":{"line":16,"column":3}},"type":"if","locations":[{"start":{"line":14,"column":2},"end":{"line":16,"column":3}},{"start":{},"end":{}}],"line":14},"5":{"loc":{"start":{"line":14,"column":6},"end":{"line":14,"column":70}},"type":"binary-expr","locations":[{"start":{"line":14,"column":6},"end":{"line":14,"column":27}},{"start":{"line":14,"column":31},"end":{"line":14,"column":50}},{"start":{"line":14,"column":54},"end":{"line":14,"column":70}}],"line":14},"6":{"loc":{"start":{"line":18,"column":2},"end":{"line":18,"column":54}},"type":"if","locations":[{"start":{"line":18,"column":2},"end":{"line":18,"column":54}},{"start":{},"end":{}}],"line":18},"7":{"loc":{"start":{"line":19,"column":2},"end":{"line":19,"column":50}},"type":"if","locations":[{"start":{"line":19,"column":2},"end":{"line":19,"column":50}},{"start":{},"end":{}}],"line":19},"8":{"loc":{"start":{"line":23,"column":27},"end":{"line":23,"column":40}},"type":"default-arg","locations":[{"start":{"line":23,"column":38},"end":{"line":23,"column":40}}],"line":23},"9":{"loc":{"start":{"line":26,"column":2},"end":{"line":32,"column":3}},"type":"if","locations":[{"start":{"line":26,"column":2},"end":{"line":32,"column":3}},{"start":{},"end":{}}],"line":26},"10":{"loc":{"start":{"line":28,"column":4},"end":{"line":30,"column":5}},"type":"if","locations":[{"start":{"line":28,"column":4},"end":{"line":30,"column":5}},{"start":{},"end":{}}],"line":28},"11":{"loc":{"start":{"line":34,"column":2},"end":{"line":40,"column":3}},"type":"if","locations":[{"start":{"line":34,"column":2},"end":{"line":40,"column":3}},{"start":{},"end":{}}],"line":34},"12":{"loc":{"start":{"line":36,"column":4},"end":{"line":38,"column":5}},"type":"if","locations":[{"start":{"line":36,"column":4},"end":{"line":38,"column":5}},{"start":{},"end":{}}],"line":36},"13":{"loc":{"start":{"line":42,"column":2},"end":{"line":44,"column":3}},"type":"if","locations":[{"start":{"line":42,"column":2},"end":{"line":44,"column":3}},{"start":{},"end":{}}],"line":42},"14":{"loc":{"start":{"line":42,"column":6},"end":{"line":42,"column":86}},"type":"binary-expr","locations":[{"start":{"line":42,"column":6},"end":{"line":42,"column":24}},{"start":{"line":42,"column":28},"end":{"line":42,"column":44}},{"start":{"line":42,"column":48},"end":{"line":42,"column":86}}],"line":42},"15":{"loc":{"start":{"line":66,"column":10},"end":{"line":66,"column":85}},"type":"cond-expr","locations":[{"start":{"line":66,"column":30},"end":{"line":66,"column":80}},{"start":{"line":66,"column":83},"end":{"line":66,"column":85}}],"line":66},"16":{"loc":{"start":{"line":83,"column":4},"end":{"line":83,"column":78}},"type":"if","locations":[{"start":{"line":83,"column":4},"end":{"line":83,"column":78}},{"start":{},"end":{}}],"line":83},"17":{"loc":{"start":{"line":96,"column":4},"end":{"line":98,"column":5}},"type":"if","locations":[{"start":{"line":96,"column":4},"end":{"line":98,"column":5}},{"start":{},"end":{}}],"line":96},"18":{"loc":{"start":{"line":96,"column":8},"end":{"line":96,"column":29}},"type":"binary-expr","locations":[{"start":{"line":96,"column":8},"end":{"line":96,"column":15}},{"start":{"line":96,"column":19},"end":{"line":96,"column":29}}],"line":96},"19":{"loc":{"start":{"line":101,"column":4},"end":{"line":103,"column":5}},"type":"if","locations":[{"start":{"line":101,"column":4},"end":{"line":103,"column":5}},{"start":{},"end":{}}],"line":101},"20":{"loc":{"start":{"line":106,"column":4},"end":{"line":108,"column":5}},"type":"if","locations":[{"start":{"line":106,"column":4},"end":{"line":108,"column":5}},{"start":{},"end":{}}],"line":106},"21":{"loc":{"start":{"line":111,"column":4},"end":{"line":113,"column":5}},"type":"if","locations":[{"start":{"line":111,"column":4},"end":{"line":113,"column":5}},{"start":{},"end":{}}],"line":111},"22":{"loc":{"start":{"line":111,"column":8},"end":{"line":111,"column":90}},"type":"binary-expr","locations":[{"start":{"line":111,"column":8},"end":{"line":111,"column":30}},{"start":{"line":111,"column":34},"end":{"line":111,"column":90}}],"line":111},"23":{"loc":{"start":{"line":116,"column":4},"end":{"line":118,"column":5}},"type":"if","locations":[{"start":{"line":116,"column":4},"end":{"line":118,"column":5}},{"start":{},"end":{}}],"line":116},"24":{"loc":{"start":{"line":120,"column":24},"end":{"line":120,"column":43}},"type":"binary-expr","locations":[{"start":{"line":120,"column":24},"end":{"line":120,"column":38}},{"start":{"line":120,"column":42},"end":{"line":120,"column":43}}],"line":120},"25":{"loc":{"start":{"line":121,"column":4},"end":{"line":123,"column":5}},"type":"if","locations":[{"start":{"line":121,"column":4},"end":{"line":123,"column":5}},{"start":{},"end":{}}],"line":121},"26":{"loc":{"start":{"line":125,"column":28},"end":{"line":127,"column":41}},"type":"cond-expr","locations":[{"start":{"line":126,"column":8},"end":{"line":126,"column":17}},{"start":{"line":127,"column":8},"end":{"line":127,"column":41}}],"line":125},"27":{"loc":{"start":{"line":129,"column":4},"end":{"line":131,"column":5}},"type":"if","locations":[{"start":{"line":129,"column":4},"end":{"line":131,"column":5}},{"start":{},"end":{}}],"line":129},"28":{"loc":{"start":{"line":129,"column":8},"end":{"line":129,"column":74}},"type":"binary-expr","locations":[{"start":{"line":129,"column":8},"end":{"line":129,"column":37}},{"start":{"line":129,"column":41},"end":{"line":129,"column":74}}],"line":129},"29":{"loc":{"start":{"line":146,"column":4},"end":{"line":148,"column":5}},"type":"if","locations":[{"start":{"line":146,"column":4},"end":{"line":148,"column":5}},{"start":{},"end":{}}],"line":146},"30":{"loc":{"start":{"line":164,"column":10},"end":{"line":164,"column":85}},"type":"cond-expr","locations":[{"start":{"line":164,"column":30},"end":{"line":164,"column":80}},{"start":{"line":164,"column":83},"end":{"line":164,"column":85}}],"line":164}},"s":{"0":1,"1":1,"2":1,"3":1,"4":1,"5":1,"6":1,"7":0,"8":0,"9":0,"10":0,"11":0,"12":0,"13":0,"14":0,"15":0,"16":0,"17":1,"18":0,"19":0,"20":0,"21":0,"22":0,"23":0,"24":0,"25":0,"26":0,"27":0,"28":0,"29":0,"30":0,"31":0,"32":1,"33":0,"34":0,"35":0,"36":0,"37":1,"38":0,"39":0,"40":0,"41":0,"42":0,"43":0,"44":0,"45":0,"46":1,"47":0,"48":0,"49":0,"50":0,"51":0,"52":0,"53":1,"54":0,"55":0,"56":0,"57":0,"58":0,"59":0,"60":0,"61":0,"62":0,"63":0,"64":0,"65":0,"66":0,"67":0,"68":0,"69":0,"70":0,"71":0,"72":0,"73":0,"74":0,"75":0,"76":0,"77":0,"78":0,"79":0,"80":0,"81":0,"82":0,"83":0,"84":0,"85":0,"86":1,"87":0,"88":0,"89":0,"90":0,"91":0,"92":1,"93":0,"94":0,"95":0,"96":0,"97":1},"f":{"0":0,"1":0,"2":0,"3":0,"4":0,"5":0,"6":0,"7":0},"b":{"0":[0],"1":[0,0],"2":[0,0],"3":[0,0],"4":[0,0],"5":[0,0,0],"6":[0,0],"7":[0,0],"8":[0],"9":[0,0],"10":[0,0],"11":[0,0],"12":[0,0],"13":[0,0],"14":[0,0,0],"15":[0,0],"16":[0,0],"17":[0,0],"18":[0,0],"19":[0,0],"20":[0,0],"21":[0,0],"22":[0,0],"23":[0,0],"24":[0,0],"25":[0,0],"26":[0,0],"27":[0,0],"28":[0,0],"29":[0,0],"30":[0,0]},"_coverageSchema":"1a1c01bbd47fc00a2c39e90264f33305004495a9","hash":"edd3193b0f91fbfaef2d2b39fef6481ead8f5314","contentHash":"55cdb79bf35fc38007d1b2942811314a7af6ea987031d5f6acf8b5bb8b3172a0"},"C:\\Users\\caugh\\Pictures\\Assignments\\CAPSTONE\\CS46X-UniFreelancer\\server\\models\\SeminarModel.js":{"path":"C:\\Users\\caugh\\Pictures\\Assignments\\CAPSTONE\\CS46X-UniFreelancer\\server\\models\\SeminarModel.js","statementMap":{"0":{"start":{"line":1,"column":17},"end":{"line":1,"column":36}},"1":{"start":{"line":3,"column":22},"end":{"line":37,"column":2}},"2":{"start":{"line":40,"column":0},"end":{"line":40,"column":44}},"3":{"start":{"line":41,"column":0},"end":{"line":41,"column":33}},"4":{"start":{"line":42,"column":0},"end":{"line":42,"column":60}},"5":{"start":{"line":44,"column":0},"end":{"line":44,"column":58}}},"fnMap":{},"branchMap":{},"s":{"0":1,"1":1,"2":1,"3":1,"4":1,"5":1},"f":{},"b":{},"_coverageSchema":"1a1c01bbd47fc00a2c39e90264f33305004495a9","hash":"a6a7f3507dfb855763951cc1d61f47d2cfebf920","contentHash":"7961ab8702958fe81b1618d736f704a91ae12af1df76d7b50576752f671dad47"},"C:\\Users\\caugh\\Pictures\\Assignments\\CAPSTONE\\CS46X-UniFreelancer\\server\\routes\\podcasts.js":{"path":"C:\\Users\\caugh\\Pictures\\Assignments\\CAPSTONE\\CS46X-UniFreelancer\\server\\routes\\podcasts.js","statementMap":{"0":{"start":{"line":1,"column":16},"end":{"line":1,"column":34}},"1":{"start":{"line":2,"column":16},"end":{"line":2,"column":49}},"2":{"start":{"line":4,"column":15},"end":{"line":4,"column":31}},"3":{"start":{"line":7,"column":0},"end":{"line":14,"column":3}},"4":{"start":{"line":8,"column":2},"end":{"line":13,"column":3}},"5":{"start":{"line":9,"column":21},"end":{"line":9,"column":41}},"6":{"start":{"line":10,"column":4},"end":{"line":10,"column":23}},"7":{"start":{"line":12,"column":4},"end":{"line":12,"column":49}},"8":{"start":{"line":17,"column":0},"end":{"line":25,"column":3}},"9":{"start":{"line":18,"column":2},"end":{"line":24,"column":3}},"10":{"start":{"line":19,"column":20},"end":{"line":19,"column":57}},"11":{"start":{"line":20,"column":4},"end":{"line":20,"column":78}},"12":{"start":{"line":20,"column":18},"end":{"line":20,"column":78}},"13":{"start":{"line":21,"column":4},"end":{"line":21,"column":22}},"14":{"start":{"line":23,"column":4},"end":{"line":23,"column":49}},"15":{"start":{"line":28,"column":0},"end":{"line":42,"column":3}},"16":{"start":{"line":29,"column":2},"end":{"line":41,"column":3}},"17":{"start":{"line":30,"column":4},"end":{"line":30,"column":52}},"18":{"start":{"line":31,"column":4},"end":{"line":31,"column":51}},"19":{"start":{"line":33,"column":20},"end":{"line":33,"column":41}},"20":{"start":{"line":34,"column":18},"end":{"line":34,"column":38}},"21":{"start":{"line":36,"column":4},"end":{"line":36,"column":41}},"22":{"start":{"line":37,"column":4},"end":{"line":37,"column":32}},"23":{"start":{"line":39,"column":4},"end":{"line":39,"column":50}},"24":{"start":{"line":40,"column":4},"end":{"line":40,"column":49}},"25":{"start":{"line":45,"column":0},"end":{"line":58,"column":3}},"26":{"start":{"line":46,"column":2},"end":{"line":57,"column":3}},"27":{"start":{"line":47,"column":20},"end":{"line":51,"column":5}},"28":{"start":{"line":53,"column":4},"end":{"line":53,"column":78}},"29":{"start":{"line":53,"column":18},"end":{"line":53,"column":78}},"30":{"start":{"line":54,"column":4},"end":{"line":54,"column":22}},"31":{"start":{"line":56,"column":4},"end":{"line":56,"column":49}},"32":{"start":{"line":61,"column":0},"end":{"line":70,"column":3}},"33":{"start":{"line":62,"column":2},"end":{"line":69,"column":3}},"34":{"start":{"line":63,"column":20},"end":{"line":63,"column":66}},"35":{"start":{"line":64,"column":4},"end":{"line":64,"column":78}},"36":{"start":{"line":64,"column":18},"end":{"line":64,"column":78}},"37":{"start":{"line":66,"column":4},"end":{"line":66,"column":45}},"38":{"start":{"line":68,"column":4},"end":{"line":68,"column":49}},"39":{"start":{"line":72,"column":0},"end":{"line":72,"column":24}}},"fnMap":{"0":{"name":"(anonymous_0)","decl":{"start":{"line":7,"column":16},"end":{"line":7,"column":17}},"loc":{"start":{"line":7,"column":36},"end":{"line":14,"column":1}},"line":7},"1":{"name":"(anonymous_1)","decl":{"start":{"line":17,"column":19},"end":{"line":17,"column":20}},"loc":{"start":{"line":17,"column":39},"end":{"line":25,"column":1}},"line":17},"2":{"name":"(anonymous_2)","decl":{"start":{"line":28,"column":17},"end":{"line":28,"column":18}},"loc":{"start":{"line":28,"column":37},"end":{"line":42,"column":1}},"line":28},"3":{"name":"(anonymous_3)","decl":{"start":{"line":45,"column":19},"end":{"line":45,"column":20}},"loc":{"start":{"line":45,"column":39},"end":{"line":58,"column":1}},"line":45},"4":{"name":"(anonymous_4)","decl":{"start":{"line":61,"column":22},"end":{"line":61,"column":23}},"loc":{"start":{"line":61,"column":42},"end":{"line":70,"column":1}},"line":61}},"branchMap":{"0":{"loc":{"start":{"line":20,"column":4},"end":{"line":20,"column":78}},"type":"if","locations":[{"start":{"line":20,"column":4},"end":{"line":20,"column":78}},{"start":{},"end":{}}],"line":20},"1":{"loc":{"start":{"line":53,"column":4},"end":{"line":53,"column":78}},"type":"if","locations":[{"start":{"line":53,"column":4},"end":{"line":53,"column":78}},{"start":{},"end":{}}],"line":53},"2":{"loc":{"start":{"line":64,"column":4},"end":{"line":64,"column":78}},"type":"if","locations":[{"start":{"line":64,"column":4},"end":{"line":64,"column":78}},{"start":{},"end":{}}],"line":64}},"s":{"0":1,"1":1,"2":1,"3":1,"4":0,"5":0,"6":0,"7":0,"8":1,"9":0,"10":0,"11":0,"12":0,"13":0,"14":0,"15":1,"16":0,"17":0,"18":0,"19":0,"20":0,"21":0,"22":0,"23":0,"24":0,"25":1,"26":0,"27":0,"28":0,"29":0,"30":0,"31":0,"32":1,"33":0,"34":0,"35":0,"36":0,"37":0,"38":0,"39":1},"f":{"0":0,"1":0,"2":0,"3":0,"4":0},"b":{"0":[0,0],"1":[0,0],"2":[0,0]},"_coverageSchema":"1a1c01bbd47fc00a2c39e90264f33305004495a9","hash":"b3cc938a8d1ce1ef80ded6578119ffbe9e3a7a3e","contentHash":"eec4b14ed1e72a0af47ea077c83cb7b15433da65d3d386ab455f57b63740bd3f"},"C:\\Users\\caugh\\Pictures\\Assignments\\CAPSTONE\\CS46X-UniFreelancer\\server\\models\\PodcastModel.js":{"path":"C:\\Users\\caugh\\Pictures\\Assignments\\CAPSTONE\\CS46X-UniFreelancer\\server\\models\\PodcastModel.js","statementMap":{"0":{"start":{"line":1,"column":17},"end":{"line":1,"column":36}},"1":{"start":{"line":3,"column":22},"end":{"line":23,"column":2}},"2":{"start":{"line":26,"column":0},"end":{"line":26,"column":37}},"3":{"start":{"line":27,"column":0},"end":{"line":27,"column":41}},"4":{"start":{"line":28,"column":0},"end":{"line":28,"column":60}},"5":{"start":{"line":30,"column":0},"end":{"line":30,"column":58}}},"fnMap":{},"branchMap":{},"s":{"0":1,"1":1,"2":1,"3":1,"4":1,"5":1},"f":{},"b":{},"_coverageSchema":"1a1c01bbd47fc00a2c39e90264f33305004495a9","hash":"d10823efb6f0d389fc268510ad881ab2cbbefc4c","contentHash":"a4dc438d7714bf661131df6dfec736169240ecb84893d8943a4a09cd516f667a"},"C:\\Users\\caugh\\Pictures\\Assignments\\CAPSTONE\\CS46X-UniFreelancer\\server\\routes\\users.js":{"path":"C:\\Users\\caugh\\Pictures\\Assignments\\CAPSTONE\\CS46X-UniFreelancer\\server\\routes\\users.js","statementMap":{"0":{"start":{"line":1,"column":16},"end":{"line":1,"column":34}},"1":{"start":{"line":2,"column":15},"end":{"line":2,"column":32}},"2":{"start":{"line":3,"column":12},"end":{"line":3,"column":35}},"3":{"start":{"line":4,"column":13},"end":{"line":4,"column":43}},"4":{"start":{"line":5,"column":20},"end":{"line":5,"column":59}},"5":{"start":{"line":7,"column":15},"end":{"line":7,"column":31}},"6":{"start":{"line":10,"column":22},"end":{"line":14,"column":1}},"7":{"start":{"line":11,"column":2},"end":{"line":13,"column":5}},"8":{"start":{"line":22,"column":0},"end":{"line":86,"column":3}},"9":{"start":{"line":23,"column":2},"end":{"line":85,"column":3}},"10":{"start":{"line":32,"column":8},"end":{"line":32,"column":16}},"11":{"start":{"line":35,"column":4},"end":{"line":39,"column":5}},"12":{"start":{"line":36,"column":6},"end":{"line":38,"column":71}},"13":{"start":{"line":42,"column":4},"end":{"line":44,"column":5}},"14":{"start":{"line":43,"column":6},"end":{"line":43,"column":71}},"15":{"start":{"line":47,"column":25},"end":{"line":49,"column":6}},"16":{"start":{"line":50,"column":4},"end":{"line":51,"column":70}},"17":{"start":{"line":51,"column":6},"end":{"line":51,"column":70}},"18":{"start":{"line":53,"column":17},"end":{"line":61,"column":6}},"19":{"start":{"line":62,"column":4},"end":{"line":62,"column":22}},"20":{"start":{"line":65,"column":18},"end":{"line":65,"column":41}},"21":{"start":{"line":68,"column":4},"end":{"line":73,"column":7}},"22":{"start":{"line":76,"column":21},"end":{"line":76,"column":36}},"23":{"start":{"line":77,"column":4},"end":{"line":77,"column":29}},"24":{"start":{"line":79,"column":4},"end":{"line":82,"column":7}},"25":{"start":{"line":84,"column":4},"end":{"line":84,"column":49}},"26":{"start":{"line":91,"column":0},"end":{"line":133,"column":3}},"27":{"start":{"line":92,"column":2},"end":{"line":132,"column":3}},"28":{"start":{"line":93,"column":32},"end":{"line":93,"column":40}},"29":{"start":{"line":95,"column":4},"end":{"line":99,"column":5}},"30":{"start":{"line":96,"column":6},"end":{"line":98,"column":62}},"31":{"start":{"line":101,"column":17},"end":{"line":101,"column":46}},"32":{"start":{"line":102,"column":4},"end":{"line":103,"column":70}},"33":{"start":{"line":103,"column":6},"end":{"line":103,"column":70}},"34":{"start":{"line":106,"column":20},"end":{"line":106,"column":65}},"35":{"start":{"line":107,"column":4},"end":{"line":109,"column":5}},"36":{"start":{"line":108,"column":6},"end":{"line":108,"column":70}},"37":{"start":{"line":112,"column":18},"end":{"line":112,"column":41}},"38":{"start":{"line":115,"column":4},"end":{"line":120,"column":7}},"39":{"start":{"line":123,"column":21},"end":{"line":123,"column":36}},"40":{"start":{"line":124,"column":4},"end":{"line":124,"column":29}},"41":{"start":{"line":126,"column":4},"end":{"line":129,"column":7}},"42":{"start":{"line":131,"column":4},"end":{"line":131,"column":49}},"43":{"start":{"line":138,"column":0},"end":{"line":144,"column":3}},"44":{"start":{"line":139,"column":2},"end":{"line":142,"column":5}},"45":{"start":{"line":143,"column":2},"end":{"line":143,"column":50}},"46":{"start":{"line":149,"column":0},"end":{"line":152,"column":3}},"47":{"start":{"line":150,"column":15},"end":{"line":150,"column":23}},"48":{"start":{"line":151,"column":2},"end":{"line":151,"column":29}},"49":{"start":{"line":157,"column":0},"end":{"line":176,"column":3}},"50":{"start":{"line":158,"column":2},"end":{"line":175,"column":3}},"51":{"start":{"line":159,"column":17},"end":{"line":165,"column":32}},"52":{"start":{"line":167,"column":4},"end":{"line":167,"column":74}},"53":{"start":{"line":167,"column":15},"end":{"line":167,"column":74}},"54":{"start":{"line":169,"column":21},"end":{"line":169,"column":36}},"55":{"start":{"line":170,"column":4},"end":{"line":170,"column":29}},"56":{"start":{"line":172,"column":4},"end":{"line":172,"column":23}},"57":{"start":{"line":174,"column":4},"end":{"line":174,"column":49}},"58":{"start":{"line":181,"column":0},"end":{"line":200,"column":3}},"59":{"start":{"line":182,"column":2},"end":{"line":199,"column":3}},"60":{"start":{"line":183,"column":17},"end":{"line":183,"column":50}},"61":{"start":{"line":184,"column":4},"end":{"line":184,"column":74}},"62":{"start":{"line":184,"column":15},"end":{"line":184,"column":74}},"63":{"start":{"line":186,"column":27},"end":{"line":186,"column":37}},"64":{"start":{"line":188,"column":4},"end":{"line":191,"column":5}},"65":{"start":{"line":189,"column":6},"end":{"line":189,"column":48}},"66":{"start":{"line":190,"column":6},"end":{"line":190,"column":24}},"67":{"start":{"line":193,"column":4},"end":{"line":196,"column":7}},"68":{"start":{"line":198,"column":4},"end":{"line":198,"column":49}},"69":{"start":{"line":205,"column":0},"end":{"line":223,"column":3}},"70":{"start":{"line":206,"column":2},"end":{"line":222,"column":3}},"71":{"start":{"line":207,"column":17},"end":{"line":207,"column":50}},"72":{"start":{"line":208,"column":4},"end":{"line":208,"column":74}},"73":{"start":{"line":208,"column":15},"end":{"line":208,"column":74}},"74":{"start":{"line":210,"column":27},"end":{"line":210,"column":37}},"75":{"start":{"line":211,"column":4},"end":{"line":213,"column":6}},"76":{"start":{"line":212,"column":14},"end":{"line":212,"column":42}},"77":{"start":{"line":214,"column":4},"end":{"line":214,"column":22}},"78":{"start":{"line":216,"column":4},"end":{"line":219,"column":7}},"79":{"start":{"line":221,"column":4},"end":{"line":221,"column":49}},"80":{"start":{"line":228,"column":0},"end":{"line":247,"column":3}},"81":{"start":{"line":229,"column":2},"end":{"line":246,"column":3}},"82":{"start":{"line":230,"column":17},"end":{"line":230,"column":50}},"83":{"start":{"line":231,"column":4},"end":{"line":231,"column":74}},"84":{"start":{"line":231,"column":15},"end":{"line":231,"column":74}},"85":{"start":{"line":233,"column":27},"end":{"line":233,"column":37}},"86":{"start":{"line":235,"column":4},"end":{"line":238,"column":5}},"87":{"start":{"line":236,"column":6},"end":{"line":236,"column":47}},"88":{"start":{"line":237,"column":6},"end":{"line":237,"column":24}},"89":{"start":{"line":240,"column":4},"end":{"line":243,"column":7}},"90":{"start":{"line":245,"column":4},"end":{"line":245,"column":49}},"91":{"start":{"line":252,"column":0},"end":{"line":270,"column":3}},"92":{"start":{"line":253,"column":2},"end":{"line":269,"column":3}},"93":{"start":{"line":254,"column":17},"end":{"line":254,"column":50}},"94":{"start":{"line":255,"column":4},"end":{"line":255,"column":74}},"95":{"start":{"line":255,"column":15},"end":{"line":255,"column":74}},"96":{"start":{"line":257,"column":27},"end":{"line":257,"column":37}},"97":{"start":{"line":258,"column":4},"end":{"line":260,"column":6}},"98":{"start":{"line":259,"column":14},"end":{"line":259,"column":42}},"99":{"start":{"line":261,"column":4},"end":{"line":261,"column":22}},"100":{"start":{"line":263,"column":4},"end":{"line":266,"column":7}},"101":{"start":{"line":268,"column":4},"end":{"line":268,"column":49}},"102":{"start":{"line":280,"column":0},"end":{"line":296,"column":3}},"103":{"start":{"line":281,"column":2},"end":{"line":295,"column":3}},"104":{"start":{"line":282,"column":17},"end":{"line":282,"column":50}},"105":{"start":{"line":284,"column":4},"end":{"line":287,"column":5}},"106":{"start":{"line":285,"column":6},"end":{"line":285,"column":53}},"107":{"start":{"line":286,"column":6},"end":{"line":286,"column":24}},"108":{"start":{"line":289,"column":4},"end":{"line":292,"column":7}},"109":{"start":{"line":294,"column":4},"end":{"line":294,"column":49}},"110":{"start":{"line":302,"column":0},"end":{"line":315,"column":3}},"111":{"start":{"line":303,"column":2},"end":{"line":314,"column":3}},"112":{"start":{"line":304,"column":17},"end":{"line":304,"column":51}},"113":{"start":{"line":306,"column":4},"end":{"line":309,"column":5}},"114":{"start":{"line":307,"column":6},"end":{"line":307,"column":57}},"115":{"start":{"line":308,"column":6},"end":{"line":308,"column":24}},"116":{"start":{"line":311,"column":4},"end":{"line":311,"column":93}},"117":{"start":{"line":313,"column":4},"end":{"line":313,"column":49}},"118":{"start":{"line":320,"column":0},"end":{"line":333,"column":3}},"119":{"start":{"line":321,"column":2},"end":{"line":332,"column":3}},"120":{"start":{"line":322,"column":17},"end":{"line":322,"column":51}},"121":{"start":{"line":324,"column":4},"end":{"line":327,"column":5}},"122":{"start":{"line":325,"column":6},"end":{"line":325,"column":58}},"123":{"start":{"line":326,"column":6},"end":{"line":326,"column":24}},"124":{"start":{"line":329,"column":4},"end":{"line":329,"column":93}},"125":{"start":{"line":331,"column":4},"end":{"line":331,"column":49}},"126":{"start":{"line":338,"column":0},"end":{"line":351,"column":3}},"127":{"start":{"line":339,"column":2},"end":{"line":350,"column":3}},"128":{"start":{"line":340,"column":17},"end":{"line":340,"column":51}},"129":{"start":{"line":342,"column":4},"end":{"line":345,"column":5}},"130":{"start":{"line":343,"column":6},"end":{"line":343,"column":52}},"131":{"start":{"line":344,"column":6},"end":{"line":344,"column":24}},"132":{"start":{"line":347,"column":4},"end":{"line":347,"column":78}},"133":{"start":{"line":349,"column":4},"end":{"line":349,"column":49}},"134":{"start":{"line":356,"column":0},"end":{"line":365,"column":3}},"135":{"start":{"line":357,"column":15},"end":{"line":357,"column":48}},"136":{"start":{"line":359,"column":2},"end":{"line":362,"column":3}},"137":{"start":{"line":360,"column":4},"end":{"line":360,"column":51}},"138":{"start":{"line":361,"column":4},"end":{"line":361,"column":22}},"139":{"start":{"line":364,"column":2},"end":{"line":364,"column":43}},"140":{"start":{"line":371,"column":0},"end":{"line":396,"column":3}},"141":{"start":{"line":372,"column":2},"end":{"line":395,"column":3}},"142":{"start":{"line":373,"column":17},"end":{"line":374,"column":35}},"143":{"start":{"line":376,"column":4},"end":{"line":376,"column":74}},"144":{"start":{"line":376,"column":15},"end":{"line":376,"column":74}},"145":{"start":{"line":378,"column":26},"end":{"line":378,"column":53}},"146":{"start":{"line":379,"column":27},"end":{"line":379,"column":55}},"147":{"start":{"line":382,"column":25},"end":{"line":384,"column":9}},"148":{"start":{"line":383,"column":6},"end":{"line":383,"column":50}},"149":{"start":{"line":386,"column":26},"end":{"line":386,"column":55}},"150":{"start":{"line":388,"column":4},"end":{"line":392,"column":7}},"151":{"start":{"line":394,"column":4},"end":{"line":394,"column":49}},"152":{"start":{"line":398,"column":0},"end":{"line":398,"column":24}}},"fnMap":{"0":{"name":"(anonymous_0)","decl":{"start":{"line":10,"column":22},"end":{"line":10,"column":23}},"loc":{"start":{"line":10,"column":30},"end":{"line":14,"column":1}},"line":10},"1":{"name":"(anonymous_1)","decl":{"start":{"line":22,"column":25},"end":{"line":22,"column":26}},"loc":{"start":{"line":22,"column":45},"end":{"line":86,"column":1}},"line":22},"2":{"name":"(anonymous_2)","decl":{"start":{"line":91,"column":22},"end":{"line":91,"column":23}},"loc":{"start":{"line":91,"column":42},"end":{"line":133,"column":1}},"line":91},"3":{"name":"(anonymous_3)","decl":{"start":{"line":138,"column":23},"end":{"line":138,"column":24}},"loc":{"start":{"line":138,"column":37},"end":{"line":144,"column":1}},"line":138},"4":{"name":"(anonymous_4)","decl":{"start":{"line":149,"column":27},"end":{"line":149,"column":28}},"loc":{"start":{"line":149,"column":47},"end":{"line":152,"column":1}},"line":149},"5":{"name":"(anonymous_5)","decl":{"start":{"line":157,"column":32},"end":{"line":157,"column":33}},"loc":{"start":{"line":157,"column":52},"end":{"line":176,"column":1}},"line
[...]
:52}},"94":{"start":{"line":235,"column":4},"end":{"line":235,"column":49}},"95":{"start":{"line":242,"column":0},"end":{"line":294,"column":3}},"96":{"start":{"line":243,"column":2},"end":{"line":293,"column":3}},"97":{"start":{"line":244,"column":25},"end":{"line":244,"column":35}},"98":{"start":{"line":247,"column":19},"end":{"line":247,"column":50}},"99":{"start":{"line":248,"column":4},"end":{"line":250,"column":5}},"100":{"start":{"line":249,"column":6},"end":{"line":249,"column":62}},"101":{"start":{"line":253,"column":21},"end":{"line":255,"column":68}},"102":{"start":{"line":258,"column":33},"end":{"line":286,"column":5}},"103":{"start":{"line":261,"column":28},"end":{"line":264,"column":10}},"104":{"start":{"line":266,"column":33},"end":{"line":266,"column":51}},"105":{"start":{"line":267,"column":34},"end":{"line":267,"column":80}},"106":{"start":{"line":267,"column":58},"end":{"line":267,"column":79}},"107":{"start":{"line":268,"column":25},"end":{"line":273,"column":13}},"108":{"start":{"line":270,"column":51},"end":{"line":270,"column":90}},"109":{"start":{"line":275,"column":8},"end":{"line":284,"column":10}},"110":{"start":{"line":288,"column":4},"end":{"line":288,"column":35}},"111":{"start":{"line":291,"column":4},"end":{"line":291,"column":51}},"112":{"start":{"line":292,"column":4},"end":{"line":292,"column":49}},"113":{"start":{"line":299,"column":0},"end":{"line":342,"column":3}},"114":{"start":{"line":300,"column":2},"end":{"line":341,"column":3}},"115":{"start":{"line":301,"column":25},"end":{"line":301,"column":35}},"116":{"start":{"line":303,"column":19},"end":{"line":303,"column":50}},"117":{"start":{"line":304,"column":4},"end":{"line":306,"column":5}},"118":{"start":{"line":305,"column":6},"end":{"line":305,"column":62}},"119":{"start":{"line":308,"column":26},"end":{"line":310,"column":6}},"120":{"start":{"line":312,"column":24},"end":{"line":314,"column":6}},"121":{"start":{"line":316,"column":25},"end":{"line":316,"column":79}},"122":{"start":{"line":316,"column":49},"end":{"line":316,"column":71}},"123":{"start":{"line":317,"column":24},"end":{"line":317,"column":77}},"124":{"start":{"line":317,"column":48},"end":{"line":317,"column":69}},"125":{"start":{"line":319,"column":30},"end":{"line":319,"column":76}},"126":{"start":{"line":319,"column":54},"end":{"line":319,"column":75}},"127":{"start":{"line":320,"column":21},"end":{"line":325,"column":9}},"128":{"start":{"line":322,"column":47},"end":{"line":322,"column":86}},"129":{"start":{"line":327,"column":4},"end":{"line":336,"column":7}},"130":{"start":{"line":334,"column":52},"end":{"line":334,"column":60}},"131":{"start":{"line":339,"column":4},"end":{"line":339,"column":55}},"132":{"start":{"line":340,"column":4},"end":{"line":340,"column":49}},"133":{"start":{"line":344,"column":0},"end":{"line":344,"column":24}}},"fnMap":{"0":{"name":"(anonymous_0)","decl":{"start":{"line":9,"column":21},"end":{"line":9,"column":22}},"loc":{"start":{"line":9,"column":47},"end":{"line":19,"column":1}},"line":9},"1":{"name":"(anonymous_1)","decl":{"start":{"line":24,"column":54},"end":{"line":24,"column":55}},"loc":{"start":{"line":24,"column":74},"end":{"line":76,"column":1}},"line":24},"2":{"name":"(anonymous_2)","decl":{"start":{"line":30,"column":34},"end":{"line":30,"column":35}},"loc":{"start":{"line":30,"column":39},"end":{"line":30,"column":44}},"line":30},"3":{"name":"(anonymous_3)","decl":{"start":{"line":58,"column":55},"end":{"line":58,"column":56}},"loc":{"start":{"line":58,"column":69},"end":{"line":60,"column":7}},"line":58},"4":{"name":"(anonymous_4)","decl":{"start":{"line":81,"column":46},"end":{"line":81,"column":47}},"loc":{"start":{"line":81,"column":66},"end":{"line":114,"column":1}},"line":81},"5":{"name":"(anonymous_5)","decl":{"start":{"line":90,"column":18},"end":{"line":90,"column":19}},"loc":{"start":{"line":90,"column":36},"end":{"line":105,"column":7}},"line":90},"6":{"name":"(anonymous_6)","decl":{"start":{"line":119,"column":58},"end":{"line":119,"column":59}},"loc":{"start":{"line":119,"column":78},"end":{"line":137,"column":1}},"line":119},"7":{"name":"(anonymous_7)","decl":{"start":{"line":142,"column":50},"end":{"line":142,"column":51}},"loc":{"start":{"line":142,"column":70},"end":{"line":162,"column":1}},"line":142},"8":{"name":"(anonymous_8)","decl":{"start":{"line":167,"column":54},"end":{"line":167,"column":55}},"loc":{"start":{"line":167,"column":74},"end":{"line":188,"column":1}},"line":167},"9":{"name":"(anonymous_9)","decl":{"start":{"line":193,"column":61},"end":{"line":193,"column":62}},"loc":{"start":{"line":193,"column":81},"end":{"line":237,"column":1}},"line":193},"10":{"name":"(anonymous_10)","decl":{"start":{"line":210,"column":34},"end":{"line":210,"column":35}},"loc":{"start":{"line":210,"column":43},"end":{"line":212,"column":5}},"line":210},"11":{"name":"(anonymous_11)","decl":{"start":{"line":242,"column":65},"end":{"line":242,"column":66}},"loc":{"start":{"line":242,"column":85},"end":{"line":294,"column":1}},"line":242},"12":{"name":"(anonymous_12)","decl":{"start":{"line":259,"column":19},"end":{"line":259,"column":20}},"loc":{"start":{"line":259,"column":38},"end":{"line":285,"column":7}},"line":259},"13":{"name":"(anonymous_13)","decl":{"start":{"line":267,"column":53},"end":{"line":267,"column":54}},"loc":{"start":{"line":267,"column":58},"end":{"line":267,"column":79}},"line":267},"14":{"name":"(anonymous_14)","decl":{"start":{"line":270,"column":39},"end":{"line":270,"column":40}},"loc":{"start":{"line":270,"column":51},"end":{"line":270,"column":90}},"line":270},"15":{"name":"(anonymous_15)","decl":{"start":{"line":299,"column":62},"end":{"line":299,"column":63}},"loc":{"start":{"line":299,"column":82},"end":{"line":342,"column":1}},"line":299},"16":{"name":"(anonymous_16)","decl":{"start":{"line":316,"column":44},"end":{"line":316,"column":45}},"loc":{"start":{"line":316,"column":49},"end":{"line":316,"column":71}},"line":316},"17":{"name":"(anonymous_17)","decl":{"start":{"line":317,"column":43},"end":{"line":317,"column":44}},"loc":{"start":{"line":317,"column":48},"end":{"line":317,"column":69}},"line":317},"18":{"name":"(anonymous_18)","decl":{"start":{"line":319,"column":49},"end":{"line":319,"column":50}},"loc":{"start":{"line":319,"column":54},"end":{"line":319,"column":75}},"line":319},"19":{"name":"(anonymous_19)","decl":{"start":{"line":322,"column":35},"end":{"line":322,"column":36}},"loc":{"start":{"line":322,"column":47},"end":{"line":322,"column":86}},"line":322},"20":{"name":"(anonymous_20)","decl":{"start":{"line":334,"column":47},"end":{"line":334,"column":48}},"loc":{"start":{"line":334,"column":52},"end":{"line":334,"column":60}},"line":334}},"branchMap":{"0":{"loc":{"start":{"line":12,"column":4},"end":{"line":14,"column":5}},"type":"if","locations":[{"start":{"line":12,"column":4},"end":{"line":14,"column":5}},{"start":{},"end":{}}],"line":12},"1":{"loc":{"start":{"line":12,"column":8},"end":{"line":12,"column":58}},"type":"binary-expr","locations":[{"start":{"line":12,"column":8},"end":{"line":12,"column":17}},{"start":{"line":12,"column":21},"end":{"line":12,"column":58}}],"line":12},"2":{"loc":{"start":{"line":57,"column":4},"end":{"line":62,"column":5}},"type":"if","locations":[{"start":{"line":57,"column":4},"end":{"line":62,"column":5}},{"start":{},"end":{}}],"line":57},"3":{"loc":{"start":{"line":148,"column":4},"end":{"line":148,"column":42}},"type":"if","locations":[{"start":{"line":148,"column":4},"end":{"line":148,"column":42}},{"start":{},"end":{}}],"line":148},"4":{"loc":{"start":{"line":149,"column":4},"end":{"line":149,"column":38}},"type":"if","locations":[{"start":{"line":149,"column":4},"end":{"line":149,"column":38}},{"start":{},"end":{}}],"line":149},"5":{"loc":{"start":{"line":173,"column":4},"end":{"line":175,"column":5}},"type":"if","locations":[{"start":{"line":173,"column":4},"end":{"line":175,"column":5}},{"start":{},"end":{}}],"line":173},"6":{"loc":{"start":{"line":178,"column":4},"end":{"line":180,"column":5}},"type":"if","locations":[{"start":{"line":178,"column":4},"end":{"line":180,"column":5}},{"start":{},"end":{}}],"line":178},"7":{"loc":{"start":{"line":199,"column":4},"end":{"line":201,"column":5}},"type":"if","locations":[{"start":{"line":199,"column":4},"end":{"line":201,"column":5}},{"start":{},"end":{}}],"line":199},"8":{"loc":{"start":{"line":204,"column":4},"end":{"line":206,"column":5}},"type":"if","locations":[{"start":{"line":204,"column":4},"end":{"line":206,"column":5}},{"start":{},"end":{}}],"line":204},"9":{"loc":{"start":{"line":248,"column":4},"end":{"line":250,"column":5}},"type":"if","locations":[{"start":{"line":248,"column":4},"end":{"line":250,"column":5}},{"start":{},"end":{}}],"line":248},"10":{"loc":{"start":{"line":248,"column":8},"end":{"line":248,"column":79}},"type":"binary-expr","locations":[{"start":{"line":248,"column":8},"end":{"line":248,"column":15}},{"start":{"line":248,"column":19},"end":{"line":248,"column":79}}],"line":248},"11":{"loc":{"start":{"line":268,"column":25},"end":{"line":273,"column":13}},"type":"cond-expr","locations":[{"start":{"line":269,"column":12},"end":{"line":272,"column":13}},{"start":{"line":273,"column":12},"end":{"line":273,"column":13}}],"line":268},"12":{"loc":{"start":{"line":277,"column":16},"end":{"line":279,"column":30}},"type":"cond-expr","locations":[{"start":{"line":278,"column":14},"end":{"line":278,"column":56}},{"start":{"line":279,"column":14},"end":{"line":279,"column":30}}],"line":277},"13":{"loc":{"start":{"line":277,"column":16},"end":{"line":277,"column":53}},"type":"binary-expr","locations":[{"start":{"line":277,"column":16},"end":{"line":277,"column":33}},{"start":{"line":277,"column":37},"end":{"line":277,"column":53}}],"line":277},"14":{"loc":{"start":{"line":304,"column":4},"end":{"line":306,"column":5}},"type":"if","locations":[{"start":{"line":304,"column":4},"end":{"line":306,"column":5}},{"start":{},"end":{}}],"line":304},"15":{"loc":{"start":{"line":304,"column":8},"end":{"line":304,"column":79}},"type":"binary-expr","locations":[{"start":{"line":304,"column":8},"end":{"line":304,"column":15}},{"start":{"line":304,"column":19},"end":{"line":304,"column":79}}],"line":304},"16":{"loc":{"start":{"line":320,"column":21},"end":{"line":325,"column":9}},"type":"cond-expr","locations":[{"start":{"line":321,"column":8},"end":{"line":324,"column":9}},{"start":{"line":325,"column":8},"end":{"line":325,"column":9}}],"line":320},"17":{"loc":{"start":{"line":333,"column":16},"end":{"line":335,"column":11}},"type":"cond-expr","locations":[{"start":{"line":334,"column":10},"end":{"line":334,"column":103}},{"start":{"line":335,"column":10},"end":{"line":335,"column":11}}],"line":333}},"s":{"0":1,"1":1,"2":1,"3":1,"4":1,"5":1,"6":1,"7":0,"8":0,"9":0,"10":0,"11":0,"12":1,"13":0,"14":0,"15":0,"16":0,"17":0,"18":0,"19":0,"20":0,"21":0,"22":0,"23":0,"24":0,"25":0,"26":0,"27":0,"28":0,"29":0,"30":0,"31":1,"32":0,"33":0,"34":0,"35":0,"36":0,"37":0,"38":0,"39":0,"40":0,"41":0,"42":1,"43":0,"44":0,"45":0,"46":0,"47":0,"48":0,"49":1,"50":0,"51":0,"52":0,"53":0,"54":0,"55":0,"56":0,"57":0,"58":0,"59":0,"60":0,"61":0,"62":1,"63":0,"64":0,"65":0,"66":0,"67":0,"68":0,"69":0,"70":0,"71":0,"72":1,"73":0,"74":0,"75":0,"76":0,"77":0,"78":0,"79":0,"80":0,"81":0,"82":0,"83":0,"84":0,"85":0,"86":0,"87":0,"88":0,"89":0,"90":0,"91":0,"92":0,"93":0,"94":0,"95":1,"96":0,"97":0,"98":0,"99":0,"100":0,"101":0,"102":0,"103":0,"104":0,"105":0,"106":0,"107":0,"108":0,"109":0,"110":0,"111":0,"112":0,"113":1,"114":0,"115":0,"116":0,"117":0,"118":0,"119":0,"120":0,"121":0,"122":0,"123":0,"124":0,"125":0,"126":0,"127":0,"128":0,"129":0,"130":0,"131":0,"132":0,"133":1},"f":{"0":0,"1":0,"2":0,"3":0,"4":0,"5":0,"6":0,"7":0,"8":0,"9":0,"10":0,"11":0,"12":0,"13":0,"14":0,"15":0,"16":0,"17":0,"18":0,"19":0,"20":0},"b":{"0":[0,0],"1":[0,0],"2":[0,0],"3":[0,0],"4":[0,0],"5":[0,0],"6":[0,0],"7":[0,0],"8":[0,0],"9":[0,0],"10":[0,0],"11":[0,0],"12":[0,0],"13":[0,0],"14":[0,0],"15":[0,0],"16":[0,0],"17":[0,0]},"_coverageSchema":"1a1c01bbd47fc00a2c39e90264f33305004495a9","hash":"ecab57b8449efe456308846f93e486e0211d568c","contentHash":"e133d21769edf5756bfb1f404334618b814fe533a2de860f28c8aae53dc0a3a6"},"C:\\Users\\caugh\\Pictures\\Assignments\\CAPSTONE\\CS46X-UniFreelancer\\server\\routes\\learningRoutes.js":{"path":"C:\\Users\\caugh\\Pictures\\Assignments\\CAPSTONE\\CS46X-UniFreelancer\\server\\routes\\learningRoutes.js","statementMap":{"0":{"start":{"line":1,"column":16},"end":{"line":1,"column":34}},"1":{"start":{"line":2,"column":17},"end":{"line":2,"column":36}},"2":{"start":{"line":3,"column":13},"end":{"line":3,"column":43}},"3":{"start":{"line":4,"column":20},"end":{"line":4,"column":59}},"4":{"start":{"line":6,"column":15},"end":{"line":6,"column":31}},"5":{"start":{"line":13,"column":0},"end":{"line":77,"column":3}},"6":{"start":{"line":14,"column":2},"end":{"line":76,"column":3}},"7":{"start":{"line":15,"column":19},"end":{"line":15,"column":31}},"8":{"start":{"line":16,"column":37},"end":{"line":16,"column":45}},"9":{"start":{"line":18,"column":16},"end":{"line":18,"column":34}},"10":{"start":{"line":19,"column":4},"end":{"line":21,"column":5}},"11":{"start":{"line":20,"column":6},"end":{"line":20,"column":87}},"12":{"start":{"line":24,"column":23},"end":{"line":27,"column":5}},"13":{"start":{"line":30,"column":4},"end":{"line":33,"column":5}},"14":{"start":{"line":31,"column":6},"end":{"line":31,"column":56}},"15":{"start":{"line":32,"column":6},"end":{"line":32,"column":36}},"16":{"start":{"line":35,"column":4},"end":{"line":37,"column":5}},"17":{"start":{"line":36,"column":6},"end":{"line":36,"column":67}},"18":{"start":{"line":40,"column":20},"end":{"line":53,"column":5}},"19":{"start":{"line":56,"column":4},"end":{"line":70,"column":5}},"20":{"start":{"line":57,"column":6},"end":{"line":69,"column":8}},"21":{"start":{"line":72,"column":4},"end":{"line":72,"column":27}},"22":{"start":{"line":74,"column":4},"end":{"line":74,"column":48}},"23":{"start":{"line":75,"column":4},"end":{"line":75,"column":77}},"24":{"start":{"line":83,"column":0},"end":{"line":98,"column":3}},"25":{"start":{"line":84,"column":2},"end":{"line":97,"column":3}},"26":{"start":{"line":85,"column":17},"end":{"line":85,"column":76}},"27":{"start":{"line":87,"column":4},"end":{"line":93,"column":7}},"28":{"start":{"line":89,"column":59},"end":{"line":92,"column":7}},"29":{"start":{"line":95,"column":4},"end":{"line":95,"column":50}},"30":{"start":{"line":96,"column":4},"end":{"line":96,"column":80}},"31":{"start":{"line":100,"column":0},"end":{"line":100,"column":24}}},"fnMap":{"0":{"name":"(anonymous_0)","decl":{"start":{"line":13,"column":31},"end":{"line":13,"column":32}},"loc":{"start":{"line":13,"column":51},"end":{"line":77,"column":1}},"line":13},"1":{"name":"(anonymous_1)","decl":{"start":{"line":83,"column":32},"end":{"line":83,"column":33}},"loc":{"start":{"line":83,"column":52},"end":{"line":98,"column":1}},"line":83},"2":{"name":"(anonymous_2)","decl":{"start":{"line":89,"column":53},"end":{"line":89,"column":54}},"loc":{"start":{"line":89,"column":59},"end":{"line":92,"column":7}},"line":89}},"branchMap":{"0":{"loc":{"start":{"line":19,"column":4},"end":{"line":21,"column":5}},"type":"if","locations":[{"start":{"line":19,"column":4},"end":{"line":21,"column":5}},{"start":{},"end":{}}],"line":19},"1":{"loc":{"start":{"line":19,"column":8},"end":{"line":19,"column":41}},"type":"binary-expr","locations":[{"start":{"line":19,"column":8},"end":{"line":19,"column":29}},{"start":{"line":19,"column":33},"end":{"line":19,"column":41}}],"line":19},"2":{"loc":{"start":{"line":30,"column":4},"end":{"line":33,"column":5}},"type":"if","locations":[{"start":{"line":30,"column":4},"end":{"line":33,"column":5}},{"start":{},"end":{}}],"line":30},"3":{"loc":{"start":{"line":35,"column":4},"end":{"line":37,"column":5}},"type":"if","locations":[{"start":{"line":35,"column":4},"end":{"line":37,"column":5}},{"start":{},"end":{}}],"line":35},"4":{"loc":{"start":{"line":56,"column":4},"end":{"line":70,"column":5}},"type":"if","locations":[{"start":{"line":56,"column":4},"end":{"line":70,"column":5}},{"start":{},"end":{}}],"line":56},"5":{"loc":{"start":{"line":88,"column":20},"end":{"line":88,"column":53}},"type":"binary-expr","locations":[{"start":{"line":88,"column":20},"end":{"line":88,"column":48}},{"start":{"line":88,"column":52},"end":{"line":88,"column":53}}],"line":88},"6":{"loc":{"start":{"line":89,"column":17},"end":{"line":89,"column":47}},"type":"binary-expr","locations":[{"start":{"line":89,"column":17},"end":{"line":89,"column":41}},{"start":{"line":89,"column":45},"end":{"line":89,"column":47}}],"line":89}},"s":{"0":1,"1":1,"2":1,"3":1,"4":1,"5":1,"6":0,"7":0,"8":0,"9":0,"10":0,"11":0,"12":0,"13":0,"14":0,"15":0,"16":0,"17":0,"18":0,"19":0,"20":0,"21":0,"22":0,"23":0,"24":1,"25":0,"26":0,"27":0,"28":0,"29":0,"30":0,"31":1},"f":{"0":0,"1":0,"2":0},"b":{"0":[0,0],"1":[0,0],"2":[0,0],"3":[0,0],"4":[0,0],"5":[0,0],"6":[0,0]},"_coverageSchema":"1a1c01bbd47fc00a2c39e90264f33305004495a9","hash":"1f2ed8d54b0d12e84963d2b447b7ba4bd22dad1e","contentHash":"a8758a9de76eac8a5a18d132ad4000c4d3db9ad41b13f028acc8e794bae8e75f"},"C:\\Users\\caugh\\Pictures\\Assignments\\CAPSTONE\\CS46X-UniFreelancer\\testing\\tests\\testDb.js":{"path":"C:\\Users\\caugh\\Pictures\\Assignments\\CAPSTONE\\CS46X-UniFreelancer\\testing\\tests\\testDb.js","statementMap":{"0":{"start":{"line":1,"column":30},"end":{"line":1,"column":62}},"1":{"start":{"line":4,"column":17},"end":{"line":4,"column":62}},"2":{"start":{"line":5,"column":18},"end":{"line":5,"column":51}},"3":{"start":{"line":10,"column":2},"end":{"line":10,"column":43}},"4":{"start":{"line":11,"column":14},"end":{"line":11,"column":28}},"5":{"start":{"line":13,"column":2},"end":{"line":13,"column":23}},"6":{"start":{"line":16,"column":2},"end":{"line":16,"column":40}},"7":{"start":{"line":21,"column":13},"end":{"line":21,"column":35}},"8":{"start":{"line":22,"column":2},"end":{"line":22,"column":18}},"9":{"start":{"line":22,"column":11},"end":{"line":22,"column":18}},"10":{"start":{"line":24,"column":22},"end":{"line":24,"column":44}},"11":{"start":{"line":25,"column":2},"end":{"line":27,"column":3}},"12":{"start":{"line":26,"column":4},"end":{"line":26,"column":27}},"13":{"start":{"line":31,"column":2},"end":{"line":31,"column":30}},"14":{"start":{"line":32,"column":2},"end":{"line":32,"column":32}},"15":{"start":{"line":32,"column":13},"end":{"line":32,"column":32}},"16":{"start":{"line":33,"column":2},"end":{"line":33,"column":15}},"17":{"start":{"line":36,"column":0},"end":{"line":36,"column":66}}},"fnMap":{"0":{"name":"connectTestDb","decl":{"start":{"line":9,"column":15},"end":{"line":9,"column":28}},"loc":{"start":{"line":9,"column":31},"end":{"line":17,"column":1}},"line":9},"1":{"name":"clearTestDb","decl":{"start":{"line":19,"column":15},"end":{"line":19,"column":26}},"loc":{"start":{"line":19,"column":29},"end":{"line":28,"column":1}},"line":19},"2":{"name":"disconnectTestDb","decl":{"start":{"line":30,"column":15},"end":{"line":30,"column":31}},"loc":{"start":{"line":30,"column":34},"end":{"line":34,"column":1}},"line":30}},"branchMap":{"0":{"loc":{"start":{"line":22,"column":2},"end":{"line":22,"column":18}},"type":"if","locations":[{"start":{"line":22,"column":2},"end":{"line":22,"column":18}},{"start":{},"end":{}}],"line":22},"1":{"loc":{"start":{"line":32,"column":2},"end":{"line":32,"column":32}},"type":"if","locations":[{"start":{"line":32,"column":2},"end":{"line":32,"column":32}},{"start":{},"end":{}}],"line":32}},"s":{"0":1,"1":1,"2":1,"3":0,"4":0,"5":0,"6":0,"7":0,"8":0,"9":0,"10":0,"11":0,"12":0,"13":0,"14":0,"15":0,"16":0,"17":1},"f":{"0":0,"1":0,"2":0},"b":{"0":[0,0],"1":[0,0]},"_coverageSchema":"1a1c01bbd47fc00a2c39e90264f33305004495a9","hash":"f72bfa9b0c616c664abd3aa5ec1b5121fb281bff","contentHash":"606c92faab5c69654769cfdbddd6db869c35f467a9611cd89556e94ecf1c2a52"}}